This is pdfTeX, Version 3.141592653-2.6-1.40.22 (TeX Live 2021) (preloaded format=pdflatex 2021.8.12)  4 JAN 2022 21:10
entering extended mode
 restricted \write18 enabled.
 file:line:error style messages enabled.
 %&-line parsing enabled.
**/Users/abraham/The-Empire-Strikes-Back/ICPC/Repository/Save/Chapters.tex
(/Users/abraham/The-Empire-Strikes-Back/ICPC/Repository/Save/Chapters.tex
LaTeX2e <2020-10-01> patch level 4
L3 programming layer <2021-02-18>

! LaTeX Error: File `Preamble.tex' not found.

Type X to quit or <RETURN> to proceed,
or enter new name. (Default extension: tex)

Enter file name: 
/Users/abraham/The-Empire-Strikes-Back/ICPC/Repository/Save/Chapters.tex:1: Emergency stop.
<read *> 
         
l.1 \input{Preamble.tex}
                        ^^M
*** (cannot \read from terminal in nonstop modes)

 
Here is how much of TeX's memory you used:
 19 strings out of 478994
 645 string characters out of 5858184
 283044 words of memory out of 5000000
 17603 multiletter control sequences out of 15000+600000
 403430 words of font info for 27 fonts, out of 8000000 for 9000
 1141 hyphenation exceptions out of 8191
 21i,0n,28p,127b,13s stack positions out of 5000i,500n,10000p,200000b,80000s
/Users/abraham/The-Empire-Strikes-Back/ICPC/Repository/Save/Chapters.tex:1:  ==> Fatal error occurred, no output PDF file produced!
