\BOOKMARK [1][-]{section.1}{\376\377\000D\000a\000t\000a\000\040\000s\000t\000r\000u\000c\000t\000u\000r\000e\000s}{}% 1
\BOOKMARK [2][-]{subsection.1.1}{\376\377\000D\000S\000U\000\040\000r\000o\000l\000l\000b\000a\000c\000k}{section.1}% 2
\BOOKMARK [2][-]{subsection.1.2}{\376\377\000M\000o\000n\000o\000t\000o\000n\000e\000\040\000q\000u\000e\000u\000e}{section.1}% 3
\BOOKMARK [2][-]{subsection.1.3}{\376\377\000S\000t\000a\000c\000k\000\040\000q\000u\000e\000u\000e}{section.1}% 4
\BOOKMARK [2][-]{subsection.1.4}{\376\377\000I\000n\000-\000O\000u\000t\000\040\000t\000r\000i\000c\000k}{section.1}% 5
\BOOKMARK [2][-]{subsection.1.5}{\376\377\000P\000a\000r\000a\000l\000l\000e\000l\000\040\000b\000i\000n\000a\000r\000y\000\040\000s\000e\000a\000r\000c\000h}{section.1}% 6
\BOOKMARK [2][-]{subsection.1.6}{\376\377\000M\000o\000s}{section.1}% 7
\BOOKMARK [2][-]{subsection.1.7}{\376\377\000H\000i\000l\000b\000e\000r\000t\000\040\000o\000r\000d\000e\000r}{section.1}% 8
\BOOKMARK [2][-]{subsection.1.8}{\376\377\000S\000q\000r\000t\000\040\000d\000e\000c\000o\000m\000p\000o\000s\000i\000t\000i\000o\000n}{section.1}% 9
\BOOKMARK [2][-]{subsection.1.9}{\376\377\000S\000p\000a\000r\000s\000e\000\040\000t\000a\000b\000l\000e}{section.1}% 10
\BOOKMARK [2][-]{subsection.1.10}{\376\377\000F\000e\000n\000w\000i\000c\000k}{section.1}% 11
\BOOKMARK [2][-]{subsection.1.11}{\376\377\000D\000y\000n\000a\000m\000i\000c\000\040\000s\000e\000g\000t\000r\000e\000e}{section.1}% 12
\BOOKMARK [2][-]{subsection.1.12}{\376\377\000P\000e\000r\000s\000i\000s\000t\000e\000n\000t\000\040\000s\000e\000g\000t\000r\000e\000e}{section.1}% 13
\BOOKMARK [2][-]{subsection.1.13}{\376\377\000L\000i\000\040\000C\000h\000a\000o}{section.1}% 14
\BOOKMARK [2][-]{subsection.1.14}{\376\377\000W\000a\000v\000e\000l\000e\000t}{section.1}% 15
\BOOKMARK [2][-]{subsection.1.15}{\376\377\000O\000r\000d\000e\000r\000e\000d\000\040\000t\000r\000e\000e}{section.1}% 16
\BOOKMARK [2][-]{subsection.1.16}{\376\377\000T\000r\000e\000a\000p}{section.1}% 17
\BOOKMARK [1][-]{section.2}{\376\377\000D\000y\000n\000a\000m\000i\000c\000\040\000p\000r\000o\000g\000r\000a\000m\000m\000i\000n\000g}{}% 18
\BOOKMARK [2][-]{subsection.2.1}{\376\377\000C\000o\000n\000v\000e\000x\000\040\000h\000u\000l\000l\000\040\000t\000r\000i\000c\000k}{section.2}% 19
\BOOKMARK [2][-]{subsection.2.2}{\376\377\000D\000i\000g\000i\000t}{section.2}% 20
\BOOKMARK [2][-]{subsection.2.3}{\376\377\000D\000i\000v\000i\000d\000e\000\040\000a\000n\000d\000\040\000c\000o\000n\000q\000u\000e\000r}{section.2}% 21
\BOOKMARK [2][-]{subsection.2.4}{\376\377\000K\000n\000a\000p\000s\000a\000c\000k\000\040\0000\0001}{section.2}% 22
\BOOKMARK [2][-]{subsection.2.5}{\376\377\000K\000n\000u\000t\000h}{section.2}% 23
\BOOKMARK [2][-]{subsection.2.6}{\376\377\000M\000a\000t\000r\000i\000x\000\040\000e\000x\000p\000o\000n\000e\000n\000t\000i\000a\000t\000i\000o\000n}{section.2}% 24
\BOOKMARK [2][-]{subsection.2.7}{\376\377\000S\000O\000S\000\040\000d\000p}{section.2}% 25
\BOOKMARK [1][-]{section.3}{\376\377\000G\000e\000o\000m\000e\000t\000r\000y}{}% 26
\BOOKMARK [2][-]{subsection.3.1}{\376\377\000G\000e\000o\000m\000e\000t\000r\000y}{section.3}% 27
\BOOKMARK [2][-]{subsection.3.2}{\376\377\000R\000a\000d\000i\000a\000l\000\040\000o\000r\000d\000e\000r}{section.3}% 28
\BOOKMARK [2][-]{subsection.3.3}{\376\377\000S\000o\000r\000t\000\040\000a\000l\000o\000n\000g\000\040\000l\000i\000n\000e}{section.3}% 29
\BOOKMARK [1][-]{section.4}{\376\377\000P\000o\000i\000n\000t}{}% 30
\BOOKMARK [2][-]{subsection.4.1}{\376\377\000P\000o\000i\000n\000t}{section.4}% 31
\BOOKMARK [2][-]{subsection.4.2}{\376\377\000A\000n\000g\000l\000e\000\040\000b\000e\000t\000w\000e\000e\000n\000\040\000v\000e\000c\000t\000o\000r\000s}{section.4}% 32
\BOOKMARK [2][-]{subsection.4.3}{\376\377\000C\000l\000o\000s\000e\000s\000t\000\040\000p\000a\000i\000r\000\040\000o\000f\000\040\000p\000o\000i\000n\000t\000s}{section.4}% 33
\BOOKMARK [2][-]{subsection.4.4}{\376\377\000K\000D\000\040\000T\000r\000e\000e}{section.4}% 34
\BOOKMARK [1][-]{section.5}{\376\377\000L\000i\000n\000e\000s\000\040\000a\000n\000d\000\040\000s\000e\000g\000m\000e\000n\000t\000s}{}% 35
\BOOKMARK [2][-]{subsection.5.1}{\376\377\000L\000i\000n\000e}{section.5}% 36
\BOOKMARK [2][-]{subsection.5.2}{\376\377\000S\000e\000g\000m\000e\000n\000t}{section.5}% 37
\BOOKMARK [2][-]{subsection.5.3}{\376\377\000P\000r\000o\000j\000e\000c\000t\000i\000o\000n}{section.5}% 38
\BOOKMARK [2][-]{subsection.5.4}{\376\377\000D\000i\000s\000t\000a\000n\000c\000e\000\040\000p\000o\000i\000n\000t\000\040\000l\000i\000n\000e}{section.5}% 39
\BOOKMARK [2][-]{subsection.5.5}{\376\377\000D\000i\000s\000t\000a\000n\000c\000e\000\040\000p\000o\000i\000n\000t\000\040\000s\000e\000g\000m\000e\000n\000t}{section.5}% 40
\BOOKMARK [2][-]{subsection.5.6}{\376\377\000D\000i\000s\000t\000a\000n\000c\000e\000\040\000s\000e\000g\000m\000e\000n\000t\000\040\000s\000e\000g\000m\000e\000n\000t}{section.5}% 41
\BOOKMARK [1][-]{section.6}{\376\377\000C\000i\000r\000c\000l\000e}{}% 42
\BOOKMARK [2][-]{subsection.6.1}{\376\377\000C\000i\000r\000c\000l\000e}{section.6}% 43
\BOOKMARK [2][-]{subsection.6.2}{\376\377\000D\000i\000s\000t\000a\000n\000c\000e\000\040\000p\000o\000i\000n\000t\000\040\000c\000i\000r\000c\000l\000e}{section.6}% 44
\BOOKMARK [2][-]{subsection.6.3}{\376\377\000C\000o\000m\000m\000o\000n\000\040\000a\000r\000e\000a\000\040\000c\000i\000r\000c\000l\000e\000\040\000c\000i\000r\000c\000l\000e}{section.6}% 45
\BOOKMARK [2][-]{subsection.6.4}{\376\377\000M\000i\000n\000i\000m\000u\000m\000\040\000e\000n\000c\000l\000o\000s\000i\000n\000g\000\040\000c\000i\000r\000c\000l\000e}{section.6}% 46
\BOOKMARK [1][-]{section.7}{\376\377\000P\000o\000l\000y\000g\000o\000n}{}% 47
\BOOKMARK [2][-]{subsection.7.1}{\376\377\000A\000r\000e\000a\000\040\000p\000o\000l\000y\000g\000o\000n}{section.7}% 48
\BOOKMARK [2][-]{subsection.7.2}{\376\377\000P\000e\000r\000i\000m\000e\000t\000e\000r}{section.7}% 49
\BOOKMARK [2][-]{subsection.7.3}{\376\377\000C\000u\000t\000\040\000p\000o\000l\000y\000g\000o\000n\000\040\000l\000i\000n\000e}{section.7}% 50
\BOOKMARK [2][-]{subsection.7.4}{\376\377\000C\000o\000m\000m\000o\000n\000\040\000a\000r\000e\000a\000\040\000c\000i\000r\000c\000l\000e\000\040\000p\000o\000l\000y\000g\000o\000n}{section.7}% 51
\BOOKMARK [2][-]{subsection.7.5}{\376\377\000P\000o\000i\000n\000t\000\040\000i\000n\000\040\000p\000o\000l\000y\000g\000o\000n}{section.7}% 52
\BOOKMARK [2][-]{subsection.7.6}{\376\377\000C\000o\000n\000v\000e\000x\000\040\000h\000u\000l\000l}{section.7}% 53
\BOOKMARK [2][-]{subsection.7.7}{\376\377\000I\000s\000\040\000c\000o\000n\000v\000e\000x}{section.7}% 54
\BOOKMARK [2][-]{subsection.7.8}{\376\377\000P\000o\000i\000n\000t\000\040\000i\000n\000\040\000c\000o\000n\000v\000e\000x\000\040\000p\000o\000l\000y\000g\000o\000n}{section.7}% 55
\BOOKMARK [1][-]{section.8}{\376\377\000G\000r\000a\000p\000h\000s}{}% 56
\BOOKMARK [2][-]{subsection.8.1}{\376\377\000C\000u\000t\000p\000o\000i\000n\000t\000s\000\040\000a\000n\000d\000\040\000b\000r\000i\000d\000g\000e\000s}{section.8}% 57
\BOOKMARK [2][-]{subsection.8.2}{\376\377\000T\000o\000p\000o\000l\000o\000g\000i\000c\000a\000l\000\040\000s\000o\000r\000t}{section.8}% 58
\BOOKMARK [2][-]{subsection.8.3}{\376\377\000K\000o\000s\000a\000r\000a\000j\000u}{section.8}% 59
\BOOKMARK [2][-]{subsection.8.4}{\376\377\000T\000a\000r\000j\000a\000n}{section.8}% 60
\BOOKMARK [2][-]{subsection.8.5}{\376\377\000I\000s\000o\000m\000o\000r\000p\000h\000i\000s\000m}{section.8}% 61
\BOOKMARK [2][-]{subsection.8.6}{\376\377\000T\000w\000o\000\040\000s\000a\000t}{section.8}% 62
\BOOKMARK [2][-]{subsection.8.7}{\376\377\000L\000C\000A}{section.8}% 63
\BOOKMARK [2][-]{subsection.8.8}{\376\377\000V\000i\000r\000t\000u\000a\000l\000\040\000t\000r\000e\000e}{section.8}% 64
\BOOKMARK [2][-]{subsection.8.9}{\376\377\000E\000u\000l\000e\000r\000-\000t\000o\000u\000r\000\040\000+\000\040\000H\000L\000D\000\040\000+\000\040\000L\000C\000A}{section.8}% 65
\BOOKMARK [2][-]{subsection.8.10}{\376\377\000C\000e\000n\000t\000r\000o\000i\000d}{section.8}% 66
\BOOKMARK [2][-]{subsection.8.11}{\376\377\000G\000u\000n\000i}{section.8}% 67
\BOOKMARK [2][-]{subsection.8.12}{\376\377\000L\000i\000n\000k\000-\000C\000u\000t\000\040\000t\000r\000e\000e}{section.8}% 68
\BOOKMARK [1][-]{section.9}{\376\377\000F\000l\000o\000w\000s}{}% 69
\BOOKMARK [2][-]{subsection.9.1}{\376\377\000H\000o\000p\000c\000r\000o\000f\000t\000\040\000K\000a\000r\000p}{section.9}% 70
\BOOKMARK [2][-]{subsection.9.2}{\376\377\000H\000u\000n\000g\000a\000r\000i\000a\000n}{section.9}% 71
\BOOKMARK [2][-]{subsection.9.3}{\376\377\000D\000i\000n\000i\000c}{section.9}% 72
\BOOKMARK [2][-]{subsection.9.4}{\376\377\000M\000i\000n\000-\000C\000o\000s\000t\000\040\000f\000l\000o\000w}{section.9}% 73
\BOOKMARK [1][-]{section.10}{\376\377\000G\000a\000m\000e\000\040\000t\000h\000e\000o\000r\000y}{}% 74
\BOOKMARK [2][-]{subsection.10.1}{\376\377\000G\000r\000u\000n\000d\000y\000\040\000n\000u\000m\000b\000e\000r\000s}{section.10}% 75
\BOOKMARK [1][-]{section.11}{\376\377\000M\000a\000t\000h}{}% 76
\BOOKMARK [2][-]{subsection.11.1}{\376\377\000B\000i\000t\000s}{section.11}% 77
\BOOKMARK [2][-]{subsection.11.2}{\376\377\000B\000i\000t\000s\000e\000t}{section.11}% 78
\BOOKMARK [2][-]{subsection.11.3}{\376\377\000P\000r\000o\000b\000a\000b\000i\000l\000i\000t\000y}{section.11}% 79
\BOOKMARK [2][-]{subsection.11.4}{\376\377\000S\000i\000m\000p\000l\000e\000x}{section.11}% 80
\BOOKMARK [2][-]{subsection.11.5}{\376\377\000X\000o\000r\000\040\000b\000a\000s\000i\000s}{section.11}% 81
\BOOKMARK [1][-]{section.12}{\376\377\000C\000o\000m\000b\000i\000n\000a\000t\000o\000r\000i\000c\000s}{}% 82
\BOOKMARK [2][-]{subsection.12.1}{\376\377\000C\000a\000t\000a\000l\000a\000n}{section.12}% 83
\BOOKMARK [2][-]{subsection.12.2}{\376\377\000F\000a\000c\000t\000o\000r\000i\000a\000l}{section.12}% 84
\BOOKMARK [2][-]{subsection.12.3}{\376\377\000F\000a\000c\000t\000o\000r\000i\000a\000l\000\040\000m\000o\000d\000\040\000s\000m\000a\000l\000l\000\040\000p\000r\000i\000m\000e}{section.12}% 85
\BOOKMARK [2][-]{subsection.12.4}{\376\377\000C\000h\000o\000o\000s\000e}{section.12}% 86
\BOOKMARK [2][-]{subsection.12.5}{\376\377\000P\000a\000s\000c\000a\000l}{section.12}% 87
\BOOKMARK [2][-]{subsection.12.6}{\376\377\000L\000u\000c\000a\000s}{section.12}% 88
\BOOKMARK [1][-]{section.13}{\376\377\000N\000u\000m\000b\000e\000r\000\040\000t\000h\000e\000o\000r\000y}{}% 89
\BOOKMARK [2][-]{subsection.13.1}{\376\377\000A\000m\000o\000u\000n\000t\000\040\000o\000f\000\040\000d\000i\000v\000i\000s\000o\000r\000s}{section.13}% 90
\BOOKMARK [2][-]{subsection.13.2}{\376\377\000C\000h\000i\000n\000e\000s\000e\000\040\000r\000e\000m\000a\000i\000n\000d\000e\000r\000\040\000t\000h\000e\000o\000r\000e\000m}{section.13}% 91
\BOOKMARK [2][-]{subsection.13.3}{\376\377\000E\000u\000c\000l\000i\000d}{section.13}% 92
\BOOKMARK [2][-]{subsection.13.4}{\376\377\000F\000a\000c\000t\000o\000r\000i\000a\000l\000\040\000f\000a\000c\000t\000o\000r\000s}{section.13}% 93
\BOOKMARK [2][-]{subsection.13.5}{\376\377\000F\000a\000c\000t\000o\000r\000i\000z\000e\000\040\000s\000i\000e\000v\000e}{section.13}% 94
\BOOKMARK [2][-]{subsection.13.6}{\376\377\000S\000i\000e\000v\000e}{section.13}% 95
\BOOKMARK [2][-]{subsection.13.7}{\376\377\000P\000h\000i}{section.13}% 96
\BOOKMARK [2][-]{subsection.13.8}{\376\377\000P\000h\000i\000\040\000s\000i\000e\000v\000e}{section.13}% 97
\BOOKMARK [2][-]{subsection.13.9}{\376\377\000M\000i\000l\000l\000e\000r\000\040\000r\000a\000b\000i\000n}{section.13}% 98
\BOOKMARK [2][-]{subsection.13.10}{\376\377\000P\000o\000l\000l\000a\000r\000d\000\040\000R\000h\000o}{section.13}% 99
\BOOKMARK [1][-]{section.14}{\376\377\000P\000o\000l\000y\000n\000o\000m\000i\000a\000l\000s}{}% 100
\BOOKMARK [2][-]{subsection.14.1}{\376\377\000B\000e\000r\000l\000e\000k\000a\000m\000p\000\040\000M\000a\000s\000s\000e\000y}{section.14}% 101
\BOOKMARK [2][-]{subsection.14.2}{\376\377\000L\000a\000g\000r\000a\000n\000g\000e\000\040\000c\000o\000n\000s\000e\000c\000u\000t\000i\000v\000e\000\040\000p\000o\000i\000n\000t\000s}{section.14}% 102
\BOOKMARK [2][-]{subsection.14.3}{\376\377\000F\000F\000T}{section.14}% 103
\BOOKMARK [2][-]{subsection.14.4}{\376\377\000F\000a\000s\000t\000\040\000W\000a\000l\000s\000h\000\040\000H\000a\000d\000a\000m\000a\000r\000d\000\040\000T\000r\000a\000n\000s\000f\000o\000r\000m}{section.14}% 104
\BOOKMARK [2][-]{subsection.14.5}{\376\377\000P\000r\000i\000m\000i\000t\000i\000v\000e\000\040\000r\000o\000o\000t}{section.14}% 105
\BOOKMARK [2][-]{subsection.14.6}{\376\377\000N\000T\000T}{section.14}% 106
\BOOKMARK [1][-]{section.15}{\376\377\000S\000t\000r\000i\000n\000g\000s}{}% 107
\BOOKMARK [2][-]{subsection.15.1}{\376\377\000K\000M\000P}{section.15}% 108
\BOOKMARK [2][-]{subsection.15.2}{\376\377\000K\000M\000P\000\040\000a\000u\000t\000o\000m\000a\000t\000o\000n}{section.15}% 109
\BOOKMARK [2][-]{subsection.15.3}{\376\377\000Z}{section.15}% 110
\BOOKMARK [2][-]{subsection.15.4}{\376\377\000M\000a\000n\000a\000c\000h\000e\000r}{section.15}% 111
\BOOKMARK [2][-]{subsection.15.5}{\376\377\000H\000a\000s\000h}{section.15}% 112
\BOOKMARK [2][-]{subsection.15.6}{\376\377\000M\000i\000n\000\040\000r\000o\000t\000a\000t\000i\000o\000n}{section.15}% 113
\BOOKMARK [2][-]{subsection.15.7}{\376\377\000S\000u\000f\000f\000i\000x\000\040\000a\000r\000r\000a\000y}{section.15}% 114
\BOOKMARK [2][-]{subsection.15.8}{\376\377\000A\000h\000o\000\040\000C\000o\000r\000a\000s\000i\000c\000k}{section.15}% 115
\BOOKMARK [2][-]{subsection.15.9}{\376\377\000E\000e\000r\000t\000r\000e\000e}{section.15}% 116
\BOOKMARK [2][-]{subsection.15.10}{\376\377\000S\000u\000f\000f\000i\000x\000\040\000a\000u\000t\000o\000m\000a\000t\000o\000n}{section.15}% 117
