This is pdfTeX, Version 3.14159265-2.6-1.40.21 (TeX Live 2020) (preloaded format=pdflatex 2020.4.7)  1 AUG 2020 12:27
entering extended mode
 restricted \write18 enabled.
 file:line:error style messages enabled.
 %&-line parsing enabled.
**/Users/abraham/Dropbox/ICPC/Repository/Book.tex
(/Users/abraham/Dropbox/ICPC/Repository/Book.tex
LaTeX2e <2020-02-02> patch level 5
L3 programming layer <2020-03-06> (/Users/abraham/Dropbox/ICPC/Repository/Preamble.tex (/usr/local/texlive/2020/texmf-dist/tex/latex/base/article.cls
Document Class: article 2019/12/20 v1.4l Standard LaTeX document class
(/usr/local/texlive/2020/texmf-dist/tex/latex/base/fleqn.clo
File: fleqn.clo 2016/12/29 v1.2b Standard LaTeX option (flush left equations)
\mathindent=\dimen134
Applying: [2015/01/01] Make \[ robust on input line 50.
LaTeX Info: Redefining \[ on input line 51.
Already applied: [0000/00/00] Make \[ robust on input line 62.
Applying: [2015/01/01] Make \] robust on input line 74.
LaTeX Info: Redefining \] on input line 75.
Already applied: [0000/00/00] Make \] robust on input line 83.
) (/usr/local/texlive/2020/texmf-dist/tex/latex/base/size10.clo
File: size10.clo 2019/12/20 v1.4l Standard LaTeX file (size option)
)
\c@part=\count167
\c@section=\count168
\c@subsection=\count169
\c@subsubsection=\count170
\c@paragraph=\count171
\c@subparagraph=\count172
\c@figure=\count173
\c@table=\count174
\abovecaptionskip=\skip47
\belowcaptionskip=\skip48
\bibindent=\dimen135
) (/usr/local/texlive/2020/texmf-dist/tex/latex/hyperref/hyperref.sty
Package: hyperref 2020/01/14 v7.00d Hypertext links for LaTeX
 (/usr/local/texlive/2020/texmf-dist/tex/generic/ltxcmds/ltxcmds.sty
Package: ltxcmds 2019/12/15 v1.24 LaTeX kernel commands for general use (HO)
) (/usr/local/texlive/2020/texmf-dist/tex/generic/iftex/iftex.sty
Package: iftex 2020/03/06 v1.0d TeX engine tests
) (/usr/local/texlive/2020/texmf-dist/tex/latex/pdftexcmds/pdftexcmds.sty
Package: pdftexcmds 2019/11/24 v0.31 Utility functions of pdfTeX for LuaTeX (HO)
 (/usr/local/texlive/2020/texmf-dist/tex/generic/infwarerr/infwarerr.sty
Package: infwarerr 2019/12/03 v1.5 Providing info/warning/error messages (HO)
)
Package pdftexcmds Info: \pdf@primitive is available.
Package pdftexcmds Info: \pdf@ifprimitive is available.
Package pdftexcmds Info: \pdfdraftmode found.
) (/usr/local/texlive/2020/texmf-dist/tex/latex/graphics/keyval.sty
Package: keyval 2014/10/28 v1.15 key=value parser (DPC)
\KV@toks@=\toks15
) (/usr/local/texlive/2020/texmf-dist/tex/generic/kvsetkeys/kvsetkeys.sty
Package: kvsetkeys 2019/12/15 v1.18 Key value parser (HO)
) (/usr/local/texlive/2020/texmf-dist/tex/generic/kvdefinekeys/kvdefinekeys.sty
Package: kvdefinekeys 2019-12-19 v1.6 Define keys (HO)
) (/usr/local/texlive/2020/texmf-dist/tex/generic/pdfescape/pdfescape.sty
Package: pdfescape 2019/12/09 v1.15 Implements pdfTeX's escape features (HO)
) (/usr/local/texlive/2020/texmf-dist/tex/latex/hycolor/hycolor.sty
Package: hycolor 2020-01-27 v1.10 Color options for hyperref/bookmark (HO)
) (/usr/local/texlive/2020/texmf-dist/tex/latex/letltxmacro/letltxmacro.sty
Package: letltxmacro 2019/12/03 v1.6 Let assignment for LaTeX macros (HO)
) (/usr/local/texlive/2020/texmf-dist/tex/latex/auxhook/auxhook.sty
Package: auxhook 2019-12-17 v1.6 Hooks for auxiliary files (HO)
) (/usr/local/texlive/2020/texmf-dist/tex/latex/kvoptions/kvoptions.sty
Package: kvoptions 2019/11/29 v3.13 Key value format for package options (HO)
)
\@linkdim=\dimen136
\Hy@linkcounter=\count175
\Hy@pagecounter=\count176
 (/usr/local/texlive/2020/texmf-dist/tex/latex/hyperref/pd1enc.def
File: pd1enc.def 2020/01/14 v7.00d Hyperref: PDFDocEncoding definition (HO)
Now handling font encoding PD1 ...
... no UTF-8 mapping file for font encoding PD1
) (/usr/local/texlive/2020/texmf-dist/tex/generic/intcalc/intcalc.sty
Package: intcalc 2019/12/15 v1.3 Expandable calculations with integers (HO)
) (/usr/local/texlive/2020/texmf-dist/tex/generic/etexcmds/etexcmds.sty
Package: etexcmds 2019/12/15 v1.7 Avoid name clashes with e-TeX commands (HO)
)
\Hy@SavedSpaceFactor=\count177
Package hyperref Info: Hyper figures OFF on input line 4547.
Package hyperref Info: Link nesting OFF on input line 4552.
Package hyperref Info: Hyper index ON on input line 4555.
Package hyperref Info: Plain pages OFF on input line 4562.
Package hyperref Info: Backreferencing OFF on input line 4567.
Package hyperref Info: Implicit mode ON; LaTeX internals redefined.
Package hyperref Info: Bookmarks ON on input line 4800.
\c@Hy@tempcnt=\count178
 (/usr/local/texlive/2020/texmf-dist/tex/latex/url/url.sty
\Urlmuskip=\muskip16
Package: url 2013/09/16  ver 3.4  Verb mode for urls, etc.
)
LaTeX Info: Redefining \url on input line 5159.
\XeTeXLinkMargin=\dimen137
 (/usr/local/texlive/2020/texmf-dist/tex/generic/bitset/bitset.sty
Package: bitset 2019/12/09 v1.3 Handle bit-vector datatype (HO)
 (/usr/local/texlive/2020/texmf-dist/tex/generic/bigintcalc/bigintcalc.sty
Package: bigintcalc 2019/12/15 v1.5 Expandable calculations on big integers (HO)
))
\Fld@menulength=\count179
\Field@Width=\dimen138
\Fld@charsize=\dimen139
Package hyperref Info: Hyper figures OFF on input line 6430.
Package hyperref Info: Link nesting OFF on input line 6435.
Package hyperref Info: Hyper index ON on input line 6438.
Package hyperref Info: backreferencing OFF on input line 6445.
Package hyperref Info: Link coloring OFF on input line 6450.
Package hyperref Info: Link coloring with OCG OFF on input line 6455.
Package hyperref Info: PDF/A mode OFF on input line 6460.
LaTeX Info: Redefining \ref on input line 6500.
LaTeX Info: Redefining \pageref on input line 6504.
 (/usr/local/texlive/2020/texmf-dist/tex/generic/atbegshi/atbegshi.sty
Package: atbegshi 2019/12/05 v1.19 At begin shipout hook (HO)
)
\Hy@abspage=\count180
\c@Item=\count181
\c@Hfootnote=\count182
)
Package hyperref Info: Driver (autodetected): hpdftex.
 (/usr/local/texlive/2020/texmf-dist/tex/latex/hyperref/hpdftex.def
File: hpdftex.def 2020/01/14 v7.00d Hyperref driver for pdfTeX
 (/usr/local/texlive/2020/texmf-dist/tex/latex/atveryend/atveryend.sty
Package: atveryend 2019-12-11 v1.11 Hooks at the very end of document (HO)
Package atveryend Info: \enddocument detected (standard20110627).
)
\Fld@listcount=\count183
\c@bookmark@seq@number=\count184
 (/usr/local/texlive/2020/texmf-dist/tex/latex/rerunfilecheck/rerunfilecheck.sty
Package: rerunfilecheck 2019/12/05 v1.9 Rerun checks for auxiliary files (HO)
 (/usr/local/texlive/2020/texmf-dist/tex/generic/uniquecounter/uniquecounter.sty
Package: uniquecounter 2019/12/15 v1.4 Provide unlimited unique counter (HO)
)
Package uniquecounter Info: New unique counter `rerunfilecheck' on input line 286.
)
\Hy@SectionHShift=\skip49
) (/usr/local/texlive/2020/texmf-dist/tex/generic/babel/babel.sty
Package: babel 2020/03/22 3.42 The Babel package
 (/usr/local/texlive/2020/texmf-dist/tex/generic/babel/switch.def
File: switch.def 2020/03/22 3.42 Babel switching mechanism
) (/usr/local/texlive/2020/texmf-dist/tex/generic/babel-english/english.ldf
Language: english 2017/06/06 v3.3r English support from the babel system
 (/usr/local/texlive/2020/texmf-dist/tex/generic/babel/babel.def
File: babel.def 2020/03/22 3.42 Babel common definitions
\babel@savecnt=\count185
\U@D=\dimen140
 (/usr/local/texlive/2020/texmf-dist/tex/generic/babel/txtbabel.def)
\bbl@readstream=\read2
\bbl@dirlevel=\count186
)
Package babel Info: \l@canadian = using hyphenrules for english
(babel)             (\language0) on input line 102.
Package babel Info: \l@australian = using hyphenrules for ukenglish
(babel)             (\language21) on input line 105.
Package babel Info: \l@newzealand = using hyphenrules for ukenglish
(babel)             (\language21) on input line 108.
)) (/usr/local/texlive/2020/texmf-dist/tex/latex/base/inputenc.sty
Package: inputenc 2018/08/11 v1.3c Input encoding file
\inpenc@prehook=\toks16
\inpenc@posthook=\toks17
) (/usr/local/texlive/2020/texmf-dist/tex/latex/fancyhdr/fancyhdr.sty
Package: fancyhdr 2019/01/31 v3.10 Extensive control of page headers and footers
\f@nch@headwidth=\skip50
\f@nch@O@elh=\skip51
\f@nch@O@erh=\skip52
\f@nch@O@olh=\skip53
\f@nch@O@orh=\skip54
\f@nch@O@elf=\skip55
\f@nch@O@erf=\skip56
\f@nch@O@olf=\skip57
\f@nch@O@orf=\skip58
) (/usr/local/texlive/2020/texmf-dist/tex/latex/enumitem/enumitem.sty
Package: enumitem 2019/06/20 v3.9 Customized lists
\labelindent=\skip59
\enit@outerparindent=\dimen141
\enit@toks=\toks18
\enit@inbox=\box45
\enit@count@id=\count187
\enitdp@description=\count188
) (/usr/local/texlive/2020/texmf-dist/tex/latex/amsmath/amsbsy.sty
Package: amsbsy 1999/11/29 v1.2d Bold Symbols
 (/usr/local/texlive/2020/texmf-dist/tex/latex/amsmath/amsgen.sty
File: amsgen.sty 1999/11/30 v2.0 generic functions
\@emptytoks=\toks19
\ex@=\dimen142
)
\pmbraise@=\dimen143
) (/usr/local/texlive/2020/texmf-dist/tex/latex/amsfonts/amssymb.sty
Package: amssymb 2013/01/14 v3.01 AMS font symbols
 (/usr/local/texlive/2020/texmf-dist/tex/latex/amsfonts/amsfonts.sty
Package: amsfonts 2013/01/14 v3.01 Basic AMSFonts support
\symAMSa=\mathgroup4
\symAMSb=\mathgroup5
LaTeX Font Info:    Redeclaring math symbol \hbar on input line 98.
LaTeX Font Info:    Overwriting math alphabet `\mathfrak' in version `bold'
(Font)                  U/euf/m/n --> U/euf/b/n on input line 106.
)) (/usr/local/texlive/2020/texmf-dist/tex/latex/amsmath/amsmath.sty
Package: amsmath 2020/01/20 v2.17e AMS math features
\@mathmargin=\skip60

For additional information on amsmath, use the `?' option.
(/usr/local/texlive/2020/texmf-dist/tex/latex/amsmath/amstext.sty
Package: amstext 2000/06/29 v2.01 AMS text
) (/usr/local/texlive/2020/texmf-dist/tex/latex/amsmath/amsopn.sty
Package: amsopn 2016/03/08 v2.02 operator names
)
\inf@bad=\count189
LaTeX Info: Redefining \frac on input line 227.
\uproot@=\count190
\leftroot@=\count191
LaTeX Info: Redefining \overline on input line 389.
\classnum@=\count192
\DOTSCASE@=\count193
LaTeX Info: Redefining \ldots on input line 486.
LaTeX Info: Redefining \dots on input line 489.
LaTeX Info: Redefining \cdots on input line 610.
\Mathstrutbox@=\box46
\strutbox@=\box47
\big@size=\dimen144
LaTeX Font Info:    Redeclaring font encoding OML on input line 733.
LaTeX Font Info:    Redeclaring font encoding OMS on input line 734.
\macc@depth=\count194
\c@MaxMatrixCols=\count195
\dotsspace@=\muskip17
\c@parentequation=\count196
\dspbrk@lvl=\count197
\tag@help=\toks20
\row@=\count198
\column@=\count199
\maxfields@=\count266
\andhelp@=\toks21
\eqnshift@=\dimen145
\alignsep@=\dimen146
\tagshift@=\dimen147
\tagwidth@=\dimen148
\totwidth@=\dimen149
\lineht@=\dimen150
\@envbody=\toks22
\multlinegap=\skip61
\multlinetaggap=\skip62
\mathdisplay@stack=\toks23
LaTeX Info: Redefining \[ on input line 2859.
LaTeX Info: Redefining \] on input line 2860.
) (/usr/local/texlive/2020/texmf-dist/tex/latex/mathtools/mathtools.sty
Package: mathtools 2020/03/24 v1.24 mathematical typesetting tools
 (/usr/local/texlive/2020/texmf-dist/tex/latex/tools/calc.sty
Package: calc 2017/05/25 v4.3 Infix arithmetic (KKT,FJ)
\calc@Acount=\count267
\calc@Bcount=\count268
\calc@Adimen=\dimen151
\calc@Bdimen=\dimen152
\calc@Askip=\skip63
\calc@Bskip=\skip64
LaTeX Info: Redefining \setlength on input line 80.
LaTeX Info: Redefining \addtolength on input line 81.
\calc@Ccount=\count269
\calc@Cskip=\skip65
) (/usr/local/texlive/2020/texmf-dist/tex/latex/mathtools/mhsetup.sty
Package: mhsetup 2017/03/31 v1.3 programming setup (MH)
)
LaTeX Info: Thecontrolsequence`\('isalreadyrobust on input line 130.
LaTeX Info: Thecontrolsequence`\)'isalreadyrobust on input line 130.
LaTeX Info: Thecontrolsequence`\['isalreadyrobust on input line 130.
LaTeX Info: Thecontrolsequence`\]'isalreadyrobust on input line 130.
\g_MT_multlinerow_int=\count270
\l_MT_multwidth_dim=\dimen153
\origjot=\skip66
\l_MT_shortvdotswithinadjustabove_dim=\dimen154
\l_MT_shortvdotswithinadjustbelow_dim=\dimen155
\l_MT_above_intertext_sep=\dimen156
\l_MT_below_intertext_sep=\dimen157
\l_MT_above_shortintertext_sep=\dimen158
\l_MT_below_shortintertext_sep=\dimen159
\xmathstrut@box=\box48
\xmathstrut@dim=\dimen160
) (/usr/local/texlive/2020/texmf-dist/tex/latex/base/ifthen.sty
Package: ifthen 2014/09/29 v1.1c Standard LaTeX ifthen package (DPC)
) (/usr/local/texlive/2020/texmf-dist/tex/latex/xcolor/xcolor.sty
Package: xcolor 2016/05/11 v2.12 LaTeX color extensions (UK)
 (/usr/local/texlive/2020/texmf-dist/tex/latex/graphics-cfg/color.cfg
File: color.cfg 2016/01/02 v1.6 sample color configuration
)
Package xcolor Info: Package option `usenames' ignored on input line 216.
Package xcolor Info: Driver file: pdftex.def on input line 225.
 (/usr/local/texlive/2020/texmf-dist/tex/latex/graphics-def/pdftex.def
File: pdftex.def 2018/01/08 v1.0l Graphics/color driver for pdftex
)
Package xcolor Info: Model `cmy' substituted by `cmy0' on input line 1348.
Package xcolor Info: Model `hsb' substituted by `rgb' on input line 1352.
Package xcolor Info: Model `RGB' extended on input line 1364.
Package xcolor Info: Model `HTML' substituted by `rgb' on input line 1366.
Package xcolor Info: Model `Hsb' substituted by `hsb' on input line 1367.
Package xcolor Info: Model `tHsb' substituted by `hsb' on input line 1368.
Package xcolor Info: Model `HSB' substituted by `hsb' on input line 1369.
Package xcolor Info: Model `Gray' substituted by `gray' on input line 1370.
Package xcolor Info: Model `wave' substituted by `hsb' on input line 1371.
 (/usr/local/texlive/2020/texmf-dist/tex/latex/graphics/dvipsnam.def
File: dvipsnam.def 2016/06/17 v3.0m Driver-dependent file (DPC,SPQR)
)) (/usr/local/texlive/2020/texmf-dist/tex/latex/geometry/geometry.sty
Package: geometry 2020/01/02 v5.9 Page Geometry
 (/usr/local/texlive/2020/texmf-dist/tex/generic/iftex/ifvtex.sty
Package: ifvtex 2019/10/25 v1.7 ifvtex legacy package. Use iftex instead.
)
\Gm@cnth=\count271
\Gm@cntv=\count272
\c@Gm@tempcnt=\count273
\Gm@bindingoffset=\dimen161
\Gm@wd@mp=\dimen162
\Gm@odd@mp=\dimen163
\Gm@even@mp=\dimen164
\Gm@layoutwidth=\dimen165
\Gm@layoutheight=\dimen166
\Gm@layouthoffset=\dimen167
\Gm@layoutvoffset=\dimen168
\Gm@dimlist=\toks24
) (/usr/local/texlive/2020/texmf-dist/tex/latex/lastpage/lastpage.sty
Package: lastpage 2015/03/29 v1.2m Refers to last page's name (HMM; JPG)
) (/usr/local/texlive/2020/texmf-dist/tex/latex/listings/listings.sty
\lst@mode=\count274
\lst@gtempboxa=\box49
\lst@token=\toks25
\lst@length=\count275
\lst@currlwidth=\dimen169
\lst@column=\count276
\lst@pos=\count277
\lst@lostspace=\dimen170
\lst@width=\dimen171
\lst@newlines=\count278
\lst@lineno=\count279
\lst@maxwidth=\dimen172
 (/usr/local/texlive/2020/texmf-dist/tex/latex/listings/lstmisc.sty
File: lstmisc.sty 2020/03/24 1.8d (Carsten Heinz)
\c@lstnumber=\count280
\lst@skipnumbers=\count281
\lst@framebox=\box50
) (/usr/local/texlive/2020/texmf-dist/tex/latex/listings/listings.cfg
File: listings.cfg 2020/03/24 1.8d listings configuration
))
Package: listings 2020/03/24 1.8d (Carsten Heinz)
 (/usr/local/texlive/2020/texmf-dist/tex/latex/graphics/graphicx.sty
Package: graphicx 2019/11/30 v1.2a Enhanced LaTeX Graphics (DPC,SPQR)
 (/usr/local/texlive/2020/texmf-dist/tex/latex/graphics/graphics.sty
Package: graphics 2019/11/30 v1.4a Standard LaTeX Graphics (DPC,SPQR)
 (/usr/local/texlive/2020/texmf-dist/tex/latex/graphics/trig.sty
Package: trig 2016/01/03 v1.10 sin cos tan (DPC)
) (/usr/local/texlive/2020/texmf-dist/tex/latex/graphics-cfg/graphics.cfg
File: graphics.cfg 2016/06/04 v1.11 sample graphics configuration
)
Package graphics Info: Driver file: pdftex.def on input line 105.
)
\Gin@req@height=\dimen173
\Gin@req@width=\dimen174
) (/usr/local/texlive/2020/texmf-dist/tex/latex/wrapfig/wrapfig.sty
\wrapoverhang=\dimen175
\WF@size=\dimen176
\c@WF@wrappedlines=\count282
\WF@box=\box51
\WF@everypar=\toks26
Package: wrapfig 2003/01/31  v 3.6
) (/usr/local/texlive/2020/texmf-dist/tex/latex/base/makeidx.sty
Package: makeidx 2014/09/29 v1.0m Standard LaTeX package
) (/usr/local/texlive/2020/texmf-dist/tex/latex/base/fontenc.sty
Package: fontenc 2020/02/11 v2.0o Standard LaTeX package
) (/usr/local/texlive/2020/texmf-dist/tex/latex/inconsolata/inconsolata.sty
Package: inconsolata 2019/05/17 v1.12
 `inconsolata-zi4' v1.12, 2019/05/17 Text macros for Inconsolata (msharpe) (/usr/local/texlive/2020/texmf-dist/tex/latex/base/textcomp.sty
Package: textcomp 2020/02/02 v2.0n Standard LaTeX package
) (/usr/local/texlive/2020/texmf-dist/tex/latex/xkeyval/xkeyval.sty
Package: xkeyval 2014/12/03 v2.7a package option processing (HA)
 (/usr/local/texlive/2020/texmf-dist/tex/generic/xkeyval/xkeyval.tex (/usr/local/texlive/2020/texmf-dist/tex/generic/xkeyval/xkvutils.tex
\XKV@toks=\toks27
\XKV@tempa@toks=\toks28
)
\XKV@depth=\count283
File: xkeyval.tex 2014/12/03 v2.7a key=value parser (HA)
))
\zifour@ocount=\count284
) (/usr/local/texlive/2020/texmf-dist/tex/latex/colortbl/colortbl.sty
Package: colortbl 2020/01/04 v1.0e Color table columns (DPC)
 (/usr/local/texlive/2020/texmf-dist/tex/latex/tools/array.sty
Package: array 2019/08/31 v2.4l Tabular extension package (FMi)
\col@sep=\dimen177
\ar@mcellbox=\box52
\extrarowheight=\dimen178
\NC@list=\toks29
\extratabsurround=\skip67
\backup@length=\skip68
\ar@cellbox=\box53
)
\everycr=\toks30
\minrowclearance=\skip69
) (/usr/local/texlive/2020/texmf-dist/tex/latex/listings/lstlang1.sty
File: lstlang1.sty 2020/03/24 1.8d listings language file
) (/usr/local/texlive/2020/texmf-dist/tex/latex/listings/lstlang1.sty
File: lstlang1.sty 2020/03/24 1.8d listings language file
) (/usr/local/texlive/2020/texmf-dist/tex/latex/listings/lstmisc.sty
File: lstmisc.sty 2020/03/24 1.8d (Carsten Heinz)
)) (/usr/local/texlive/2020/texmf-dist/tex/latex/l3backend/l3backend-pdfmode.def
File: l3backend-pdfmode.def 2020-03-12 L3 backend support: PDF mode
\l__kernel_color_stack_int=\count285
\l__pdf_internal_box=\box54
)

LaTeX Warning: Unused global option(s):
    [5pt].

(/Users/abraham/Dropbox/ICPC/Repository/Book.aux)
\openout1 = `Book.aux'.

LaTeX Font Info:    Checking defaults for OML/cmm/m/it on input line 3.
LaTeX Font Info:    ... okay on input line 3.
LaTeX Font Info:    Checking defaults for OMS/cmsy/m/n on input line 3.
LaTeX Font Info:    ... okay on input line 3.
LaTeX Font Info:    Checking defaults for OT1/cmr/m/n on input line 3.
LaTeX Font Info:    ... okay on input line 3.
LaTeX Font Info:    Checking defaults for T1/cmr/m/n on input line 3.
LaTeX Font Info:    ... okay on input line 3.
LaTeX Font Info:    Checking defaults for TS1/cmr/m/n on input line 3.
LaTeX Font Info:    ... okay on input line 3.
LaTeX Font Info:    Checking defaults for OMX/cmex/m/n on input line 3.
LaTeX Font Info:    ... okay on input line 3.
LaTeX Font Info:    Checking defaults for U/cmr/m/n on input line 3.
LaTeX Font Info:    ... okay on input line 3.
LaTeX Font Info:    Checking defaults for PD1/pdf/m/n on input line 3.
LaTeX Font Info:    ... okay on input line 3.
\AtBeginShipoutBox=\box55
Package hyperref Info: Link coloring OFF on input line 3.
 (/usr/local/texlive/2020/texmf-dist/tex/latex/hyperref/nameref.sty
Package: nameref 2019/09/16 v2.46 Cross-referencing by name of section
 (/usr/local/texlive/2020/texmf-dist/tex/latex/refcount/refcount.sty
Package: refcount 2019/12/15 v3.6 Data extraction from label references (HO)
) (/usr/local/texlive/2020/texmf-dist/tex/generic/gettitlestring/gettitlestring.sty
Package: gettitlestring 2019/12/15 v1.6 Cleanup title references (HO)
)
\c@section@level=\count286
)
LaTeX Info: Redefining \ref on input line 3.
LaTeX Info: Redefining \pageref on input line 3.
LaTeX Info: Redefining \nameref on input line 3.
 (/Users/abraham/Dropbox/ICPC/Repository/Book.out) (/Users/abraham/Dropbox/ICPC/Repository/Book.out)
\@outlinefile=\write3
\openout3 = `Book.out'.

 (/usr/local/texlive/2020/texmf-dist/tex/context/base/mkii/supp-pdf.mkii
[Loading MPS to PDF converter (version 2006.09.02).]
\scratchcounter=\count287
\scratchdimen=\dimen179
\scratchbox=\box56
\nofMPsegments=\count288
\nofMParguments=\count289
\everyMPshowfont=\toks31
\MPscratchCnt=\count290
\MPscratchDim=\dimen180
\MPnumerator=\count291
\makeMPintoPDFobject=\count292
\everyMPtoPDFconversion=\toks32
) (/usr/local/texlive/2020/texmf-dist/tex/latex/epstopdf-pkg/epstopdf-base.sty
Package: epstopdf-base 2020-01-24 v2.11 Base part for package epstopdf
Package epstopdf-base Info: Redefining graphics rule for `.eps' on input line 485.
 (/usr/local/texlive/2020/texmf-dist/tex/latex/latexconfig/epstopdf-sys.cfg
File: epstopdf-sys.cfg 2010/07/13 v1.3 Configuration of (r)epstopdf for TeX Live
))
*geometry* driver: auto-detecting
*geometry* detected driver: pdftex
*geometry* verbose mode - [ preamble ] result:
* driver: pdftex
* paper: a4paper
* layout: <same size as paper>
* layoutoffset:(h,v)=(0.0pt,0.0pt)
* modes: 
* h-part:(L,W,R)=(39.83368pt, 517.84052pt, 39.83368pt)
* v-part:(T,H,B)=(28.45274pt, 773.91498pt, 42.67912pt)
* \paperwidth=597.50787pt
* \paperheight=845.04684pt
* \textwidth=517.84052pt
* \textheight=773.91498pt
* \oddsidemargin=-32.43631pt
* \evensidemargin=-32.43631pt
* \topmargin=-80.81725pt
* \headheight=12.0pt
* \headsep=25.0pt
* \topskip=10.0pt
* \footskip=30.0pt
* \marginparwidth=4.0pt
* \marginparsep=10.0pt
* \columnsep=10.0pt
* \skip\footins=9.0pt plus 4.0pt minus 2.0pt
* \hoffset=0.0pt
* \voffset=0.0pt
* \mag=1000
* \@twocolumntrue
* \@twosidefalse
* \@mparswitchfalse
* \@reversemarginfalse
* (1in=72.27pt=25.4mm, 1cm=28.453pt)

Package lastpage Info: Please have a look at the pageslts package at
(lastpage)             https://www.ctan.org/pkg/pageslts
(lastpage)             ! on input line 3.
\c@lstlisting=\count293
(/usr/local/texlive/2020/texmf-dist/tex/latex/upquote/upquote.sty
Package: upquote 2012/04/19 v1.3 upright-quote and grave-accent glyphs in verbatim
) (/Users/abraham/Dropbox/ICPC/Repository/Book.toc
LaTeX Font Info:    Trying to load font information for U+msa on input line 3.
 (/usr/local/texlive/2020/texmf-dist/tex/latex/amsfonts/umsa.fd
File: umsa.fd 2013/01/14 v3.01 AMS symbols A
)
LaTeX Font Info:    Trying to load font information for U+msb on input line 3.
 (/usr/local/texlive/2020/texmf-dist/tex/latex/amsfonts/umsb.fd
File: umsb.fd 2013/01/14 v3.01 AMS symbols B
))
\tf@toc=\write4
\openout4 = `Book.toc'.

 [1

{/usr/local/texlive/2020/texmf-var/fonts/map/pdftex/updmap/pdftex.map}] (/Users/abraham/Dropbox/ICPC/Repository/ThinkTwiceCodeOnce.tex
Package hyperref Info: bookmark level for unknown lstlisting defaults to 0 on input line 6.
LaTeX Font Info:    Trying to load font information for T1+zi4 on input line 6.
 (/usr/local/texlive/2020/texmf-dist/tex/latex/inconsolata/t1zi4.fd
File: t1zi4.fd 2018/01/14 T1/zi4 (Inconsolata)
)
LaTeX Font Info:    Font shape `T1/zi4/m/n' will be
(Font)              scaled to size 9.0pt on input line 6.
 (/Users/abraham/Dropbox/ICPC/Repository/../codes/temShort.cpp
LaTeX Font Info:    Font shape `T1/zi4/b/n' will be
(Font)              scaled to size 9.0pt on input line 1.
) (/Users/abraham/Dropbox/ICPC/Repository/../codes/debug.h
consecutive:
) (/Users/abraham/Dropbox/ICPC/Repository/../Codes/random.cpp) (/Users/abraham/Dropbox/ICPC/Repository/../Codes/fastio.cpp) (/Users/abraham/Dropbox/ICPC/Repository/compilation.txt
Underfull \vbox (badness 10000) has occurred while \output is active []

 [2]) (/Users/abraham/Dropbox/ICPC/Repository/../Codes/BumpAllocator.cpp)) (/Users/abraham/Dropbox/ICPC/Repository/DataStructures.tex (/Users/abraham/Dropbox/ICPC/Repository/../Codes/DataStructures/DSURollback.cpp) (/Users/abraham/Dropbox/ICPC/Repository/../Codes/DataStructures/SparseTable.cpp) (/Users/abraham/Dropbox/ICPC/Repository/../Codes/DataStructures/MinMaxQueue.cpp)
<squirtle.png, id=684, 303.1325pt x 315.1775pt>
File: squirtle.png Graphic file (type png)
<use squirtle.png>
Package pdftex.def Info: squirtle.png  used on input line 24.
(pdftex.def)             Requested size: 42.67912pt x 44.37462pt.
 (/Users/abraham/Dropbox/ICPC/Repository/../Codes/DataStructures/SqrtDecomposition.cpp) (/Users/abraham/Dropbox/ICPC/Repository/../Codes/DataStructures/InOutTrick.cpp) (/Users/abraham/Dropbox/ICPC/Repository/../Codes/DataStructures/ParallelBinarySearch.cpp [3 </Users/abraham/Dropbox/ICPC/Repository/squirtle.png (PNG copy)>]) (/Users/abraham/Dropbox/ICPC/Repository/../Codes/DataStructures/Mos.cpp) (/Users/abraham/Dropbox/ICPC/Repository/../Codes/DataStructures/HilbertOrder.cpp)
Underfull \hbox (badness 1377) in paragraph at lines 45--46
[]\T1/cmr/m/n/10 Sort the queries by the or-der $\OT1/cmr/m/n/10 (\OML/cmm/m/it/10 l=block$\T1/cmr/m/n/10 , $\OML/cmm/m/it/10 r=block$\T1/cmr/m/n/10 ,
 []

(/Users/abraham/Dropbox/ICPC/Repository/../Codes/DataStructures/OrderedTree.cpp) (/Users/abraham/Dropbox/ICPC/Repository/../Codes/DataStructures/UnorderedTree.cpp
consecutive:
) (/Users/abraham/Dropbox/ICPC/Repository/../Codes/DataStructures/FenwickND.cpp [4]) (/Users/abraham/Dropbox/ICPC/Repository/../Codes/DataStructures/DynamicSegtree.cpp) (/Users/abraham/Dropbox/ICPC/Repository/../Codes/DataStructures/PersistentSegtree.cpp) (/Users/abraham/Dropbox/ICPC/Repository/../Codes/DataStructures/Wavelet.cpp) (/Users/abraham/Dropbox/ICPC/Repository/../Codes/DataStructures/LiChao.cpp [5]) (/Users/abraham/Dropbox/ICPC/Repository/../Codes/DataStructures/Treap.cpp
Underfull \vbox (badness 10000) has occurred while \output is active []

)) (/Users/abraham/Dropbox/ICPC/Repository/Graphs.tex
Underfull \vbox (badness 10000) has occurred while \output is active []

 [6] (/Users/abraham/Dropbox/ICPC/Repository/../Codes/Graphs/Tarjan.cpp) (/Users/abraham/Dropbox/ICPC/Repository/../Codes/Graphs/Kosaraju.cpp) (/Users/abraham/Dropbox/ICPC/Repository/../Codes/Graphs/TwoSat.cpp) (/Users/abraham/Dropbox/ICPC/Repository/../Codes/Graphs/Topsort.cpp
consecutive:
) (/Users/abraham/Dropbox/ICPC/Repository/../Codes/Graphs/CutpointsAndBridges.cpp) (/Users/abraham/Dropbox/ICPC/Repository/../Codes/Graphs/Cycle.cpp) (/Users/abraham/Dropbox/ICPC/Repository/../Codes/Graphs/LCA.cpp [7]) (/Users/abraham/Dropbox/ICPC/Repository/../Codes/Graphs/Guni.cpp) (/Users/abraham/Dropbox/ICPC/Repository/../Codes/Graphs/Centroid.cpp) (/Users/abraham/Dropbox/ICPC/Repository/../Codes/Graphs/HLD.cpp
Underfull \vbox (badness 10000) has occurred while \output is active []

 [8]) (/Users/abraham/Dropbox/ICPC/Repository/../Codes/Graphs/LinkCutTree.cpp
Underfull \vbox (badness 10000) has occurred while \output is active []

)) (/Users/abraham/Dropbox/ICPC/Repository/Flows.tex

Package hyperref Warning: Token not allowed in a PDF string (PDFDocEncoding):
(hyperref)                removing `\cdot' on input line 5.


Package hyperref Warning: Token not allowed in a PDF string (PDFDocEncoding):
(hyperref)                removing `superscript' on input line 5.


Underfull \vbox (badness 10000) has occurred while \output is active []

 [9] (/Users/abraham/Dropbox/ICPC/Repository/../Codes/Flows/Dinic.cpp)

Package hyperref Warning: Token not allowed in a PDF string (PDFDocEncoding):
(hyperref)                removing `\cdot' on input line 10.


Package hyperref Warning: Token not allowed in a PDF string (PDFDocEncoding):
(hyperref)                removing `superscript' on input line 10.

(/Users/abraham/Dropbox/ICPC/Repository/../Codes/Flows/MinCostFlow.cpp [10])

Package hyperref Warning: Token not allowed in a PDF string (PDFDocEncoding):
(hyperref)                removing `\@ifnextchar' on input line 15.

(/Users/abraham/Dropbox/ICPC/Repository/../Codes/Flows/HopcroftKarp.cpp)

Package hyperref Warning: Token not allowed in a PDF string (PDFDocEncoding):
(hyperref)                removing `superscript' on input line 18.

(/Users/abraham/Dropbox/ICPC/Repository/../Codes/Flows/Hungarian.cpp)) (/Users/abraham/Dropbox/ICPC/Repository/Strings.tex (/Users/abraham/Dropbox/ICPC/Repository/../Codes/Strings/Hash.cpp) (/Users/abraham/Dropbox/ICPC/Repository/../Codes/Strings/KMP.cpp [11]) (/Users/abraham/Dropbox/ICPC/Repository/../Codes/Strings/KMPAutomaton.cpp) (/Users/abraham/Dropbox/ICPC/Repository/../Codes/Strings/Z.cpp) (/Users/abraham/Dropbox/ICPC/Repository/../Codes/Strings/Manacher.cpp)
Underfull \hbox (badness 10000) in paragraph at lines 27--30

 []

(/Users/abraham/Dropbox/ICPC/Repository/../Codes/Strings/SuffixArray.cpp [12]) (/Users/abraham/Dropbox/ICPC/Repository/../Codes/Strings/SuffixAutomaton.cpp) (/Users/abraham/Dropbox/ICPC/Repository/../Codes/Strings/AhoCorasick.cpp [13]) (/Users/abraham/Dropbox/ICPC/Repository/../Codes/Strings/Eertree.cpp
Underfull \vbox (badness 10000) has occurred while \output is active []

)) (/Users/abraham/Dropbox/ICPC/Repository/DynamicProgramming.tex
<../Codes/DynamicProgramming/SteinerTree.png, id=2185, 186.6975pt x 200.75pt>
File: ../Codes/DynamicProgramming/SteinerTree.png Graphic file (type png)
<use ../Codes/DynamicProgramming/SteinerTree.png>
Package pdftex.def Info: ../Codes/DynamicProgramming/SteinerTree.png  used on input line 5.
(pdftex.def)             Requested size: 142.26378pt x 152.97897pt.
 (/Users/abraham/Dropbox/ICPC/Repository/../Codes/DynamicProgramming/Steiner.cpp) (/Users/abraham/Dropbox/ICPC/Repository/../Codes/DynamicProgramming/MatrixChainMultiplication.cpp) (/Users/abraham/Dropbox/ICPC/Repository/../Codes/DynamicProgramming/Digit.cpp [14 </Users/abraham/Dropbox/ICPC/Repository/../Codes/DynamicProgramming/SteinerTree.png>]) (/Users/abraham/Dropbox/ICPC/Repository/../Codes/DynamicProgramming/Knapsack01.cpp
consecutive:
)

Package hyperref Warning: Token not allowed in a PDF string (PDFDocEncoding):
(hyperref)                removing `superscript' on input line 23.


Package hyperref Warning: Token not allowed in a PDF string (PDFDocEncoding):
(hyperref)                removing `math shift' on input line 23.


Package hyperref Warning: Token not allowed in a PDF string (PDFDocEncoding):
(hyperref)                removing `\Rightarrow' on input line 23.


Package hyperref Warning: Token not allowed in a PDF string (PDFDocEncoding):
(hyperref)                removing `math shift' on input line 23.

(/Users/abraham/Dropbox/ICPC/Repository/../Codes/DynamicProgramming/ConvexHullTrick.cpp)

Package hyperref Warning: Token not allowed in a PDF string (PDFDocEncoding):
(hyperref)                removing `superscript' on input line 33.


Package hyperref Warning: Token not allowed in a PDF string (PDFDocEncoding):
(hyperref)                removing `math shift' on input line 33.


Package hyperref Warning: Token not allowed in a PDF string (PDFDocEncoding):
(hyperref)                removing `\Rightarrow' on input line 33.


Package hyperref Warning: Token not allowed in a PDF string (PDFDocEncoding):
(hyperref)                removing `math shift' on input line 33.


Package hyperref Warning: Token not allowed in a PDF string (PDFDocEncoding):
(hyperref)                removing `\cdot' on input line 33.

(/Users/abraham/Dropbox/ICPC/Repository/../Codes/DynamicProgramming/DivideAndConquer.cpp)) (/Users/abraham/Dropbox/ICPC/Repository/GameTheory.tex (/Users/abraham/Dropbox/ICPC/Repository/../Codes/GameTheory/GrundyNumbers.cpp)) (/Users/abraham/Dropbox/ICPC/Repository/Combinatorics.tex (/Users/abraham/Dropbox/ICPC/Repository/../Codes/Combinatorics/Factorial.cpp)

Package hyperref Warning: Token not allowed in a PDF string (PDFDocEncoding):
(hyperref)                removing `math shift' on input line 6.


Package hyperref Warning: Token not allowed in a PDF string (PDFDocEncoding):
(hyperref)                removing `math shift' on input line 6.

(/Users/abraham/Dropbox/ICPC/Repository/../Codes/Combinatorics/FactorialModP.cpp [15]) (/Users/abraham/Dropbox/ICPC/Repository/../Codes/Combinatorics/Lucas.cpp) (/Users/abraham/Dropbox/ICPC/Repository/../Codes/Combinatorics/Choose.cpp) (/Users/abraham/Dropbox/ICPC/Repository/../Codes/Combinatorics/Catalan.cpp) (/Users/abraham/Dropbox/ICPC/Repository/../Codes/Combinatorics/FactorialFactors.cpp)) (/Users/abraham/Dropbox/ICPC/Repository/NumberTheory.tex (/Users/abraham/Dropbox/ICPC/Repository/../Codes/NumberTheory/BitSieve.cpp) (/Users/abraham/Dropbox/ICPC/Repository/../Codes/NumberTheory/FactorizeSieve.cpp) (/Users/abraham/Dropbox/ICPC/Repository/../Codes/NumberTheory/PhiSieve.cpp) (/Users/abraham/Dropbox/ICPC/Repository/../Codes/NumberTheory/Phi.cpp) (/Users/abraham/Dropbox/ICPC/Repository/../Codes/NumberTheory/MillerRabin.cpp) (/Users/abraham/Dropbox/ICPC/Repository/../Codes/NumberTheory/PollardRho.cpp [16]) (/Users/abraham/Dropbox/ICPC/Repository/../Codes/NumberTheory/AmountOfDivisors.cpp)
Underfull \hbox (badness 10000) in paragraph at lines 102--106

 []

(/Users/abraham/Dropbox/ICPC/Repository/../Codes/NumberTheory/Euclid.cpp) (/Users/abraham/Dropbox/ICPC/Repository/../Codes/NumberTheory/ChineseRemainderTheorem.cpp)) (/Users/abraham/Dropbox/ICPC/Repository/Math.tex (/Users/abraham/Dropbox/ICPC/Repository/../Codes/Math/ModMul.cpp) (/Users/abraham/Dropbox/ICPC/Repository/../Codes/Math/Fpow.cpp)) (/Users/abraham/Dropbox/ICPC/Repository/Geometry.tex (/Users/abraham/Dropbox/ICPC/Repository/../Codes/Geometry/Point.cpp [17]) (/Users/abraham/Dropbox/ICPC/Repository/../Codes/Geometry/AngleBetweenVectors.cpp) (/Users/abraham/Dropbox/ICPC/Repository/../Codes/Geometry/AreaPoligon.cpp) (/Users/abraham/Dropbox/ICPC/Repository/../Codes/Geometry/AreaPolygonInCircle.cpp) (/Users/abraham/Dropbox/ICPC/Repository/../Codes/Geometry/ClosestPairOfPoints.cpp
Underfull \vbox (badness 10000) has occurred while \output is active []

 [18]) (/Users/abraham/Dropbox/ICPC/Repository/../Codes/Geometry/ConvexHull.cpp) (/Users/abraham/Dropbox/ICPC/Repository/../Codes/Geometry/DistancePointLine.cpp) (/Users/abraham/Dropbox/ICPC/Repository/../Codes/Geometry/GetCircle.cpp) (/Users/abraham/Dropbox/ICPC/Repository/../Codes/Geometry/IntersectsLine.cpp) (/Users/abraham/Dropbox/ICPC/Repository/../Codes/Geometry/IntersectsLineSegment.cpp) (/Users/abraham/Dropbox/ICPC/Repository/../Codes/Geometry/IntersectsSegment.cpp) (/Users/abraham/Dropbox/ICPC/Repository/../Codes/Geometry/IsConvex.cpp) (/Users/abraham/Dropbox/ICPC/Repository/../Codes/Geometry/Perimeter.cpp) (/Users/abraham/Dropbox/ICPC/Repository/../Codes/Geometry/PointInConvexPolygonlogN.cpp [19]) (/Users/abraham/Dropbox/ICPC/Repository/../Codes/Geometry/PointInPolygon.cpp) (/Users/abraham/Dropbox/ICPC/Repository/../Codes/Geometry/PointInSegment.cpp) (/Users/abraham/Dropbox/ICPC/Repository/../Codes/Geometry/PointsOfTangency.cpp) (/Users/abraham/Dropbox/ICPC/Repository/../Codes/Geometry/Projection.cpp) (/Users/abraham/Dropbox/ICPC/Repository/../Codes/Geometry/ProjectionLine.cpp) (/Users/abraham/Dropbox/ICPC/Repository/../Codes/Geometry/ReflectionLine.cpp) (/Users/abraham/Dropbox/ICPC/Repository/../Codes/Geometry/SignedDistancePointLine.cpp) (/Users/abraham/Dropbox/ICPC/Repository/../Codes/Geometry/SortAlongLine.cpp) (/Users/abraham/Dropbox/ICPC/Repository/../Codes/Geometry/IntersectsLineCircle.cpp)) (/Users/abraham/Dropbox/ICPC/Repository/Bits.tex) 
AED: lastpage setting LastPage
[20]
Package atveryend Info: Empty hook `BeforeClearDocument' on input line 21.
Package atveryend Info: Empty hook `AfterLastShipout' on input line 21.
 (/Users/abraham/Dropbox/ICPC/Repository/Book.aux)
Package atveryend Info: Executing hook `AtVeryEndDocument' on input line 21.
Package atveryend Info: Executing hook `AtEndAfterFileList' on input line 21.
Package rerunfilecheck Info: File `Book.out' has not changed.
(rerunfilecheck)             Checksum: 1CC0B233771D1F28CD9FD9FF0691DDB2;6766.
Package atveryend Info: Empty hook `AtVeryVeryEnd' on input line 21.
 ) 
Here is how much of TeX's memory you used:
 15644 strings out of 480608
 238634 string characters out of 5903631
 1167083 words of memory out of 5000000
 28477 multiletter control sequences out of 15000+600000
 551441 words of font info for 73 fonts, out of 8000000 for 9000
 1141 hyphenation exceptions out of 8191
 62i,10n,122p,329b,2226s stack positions out of 5000i,500n,10000p,200000b,80000s
{/usr/local/texlive/2020/texmf-dist/fonts/enc/dvips/cm-super/cm-super-t1.enc}{/usr/local/texlive/2020/texmf-dist/fonts/enc/dvips/cm-super/cm-super-ts1.enc}{/usr/local/texlive/2020/texmf-dist/fonts/enc/dvips/inconsolata/i4-t1-0.enc}</usr/local/texlive/2020/texmf-dist/fonts/type1/public/inconsolata/Inconsolata-zi4b.pfb></usr/local/texlive/2020/texmf-dist/fonts/type1/public/inconsolata/Inconsolata-zi4r.pfb></usr/local/texlive/2020/texmf-dist/fonts/type1/public/amsfonts/cmextra/cmex9.pfb></usr/local/texlive/2020/texmf-dist/fonts/type1/public/amsfonts/cm/cmmi10.pfb></usr/local/texlive/2020/texmf-dist/fonts/type1/public/amsfonts/cm/cmmi12.pfb></usr/local/texlive/2020/texmf-dist/fonts/type1/public/amsfonts/cm/cmmi6.pfb></usr/local/texlive/2020/texmf-dist/fonts/type1/public/amsfonts/cm/cmmi8.pfb></usr/local/texlive/2020/texmf-dist/fonts/type1/public/amsfonts/cm/cmmi9.pfb></usr/local/texlive/2020/texmf-dist/fonts/type1/public/amsfonts/cm/cmr10.pfb></usr/local/texlive/2020/texmf-dist/fonts/type1/public/amsfonts/cm/cmr5.pfb></usr/local/texlive/2020/texmf-dist/fonts/type1/public/amsfonts/cm/cmr6.pfb></usr/local/texlive/2020/texmf-dist/fonts/type1/public/amsfonts/cm/cmr8.pfb></usr/local/texlive/2020/texmf-dist/fonts/type1/public/amsfonts/cm/cmr9.pfb></usr/local/texlive/2020/texmf-dist/fonts/type1/public/amsfonts/cm/cmsy6.pfb></usr/local/texlive/2020/texmf-dist/fonts/type1/public/amsfonts/cm/cmsy8.pfb></usr/local/texlive/2020/texmf-dist/fonts/type1/public/amsfonts/cm/cmsy9.pfb></usr/local/texlive/2020/texmf-dist/fonts/type1/public/cm-super/sfbx0900.pfb></usr/local/texlive/2020/texmf-dist/fonts/type1/public/cm-super/sfbx1000.pfb></usr/local/texlive/2020/texmf-dist/fonts/type1/public/cm-super/sfbx1200.pfb></usr/local/texlive/2020/texmf-dist/fonts/type1/public/cm-super/sfbx1440.pfb></usr/local/texlive/2020/texmf-dist/fonts/type1/public/cm-super/sfrm0800.pfb></usr/local/texlive/2020/texmf-dist/fonts/type1/public/cm-super/sfrm0900.pfb></usr/local/texlive/2020/texmf-dist/fonts/type1/public/cm-super/sfrm1000.pfb></usr/local/texlive/2020/texmf-dist/fonts/type1/public/cm-super/sfti0900.pfb>
Output written on /Users/abraham/Dropbox/ICPC/Repository/Book.pdf (20 pages, 522140 bytes).
PDF statistics:
 3586 PDF objects out of 4296 (max. 8388607)
 3501 compressed objects within 36 object streams
 2461 named destinations out of 2487 (max. 500000)
 843 words of extra memory for PDF output out of 10000 (max. 10000000)

