This is pdfTeX, Version 3.141592653-2.6-1.40.22 (TeX Live 2021) (preloaded format=pdflatex 2021.4.24)  12 MAY 2021 22:01
entering extended mode
 restricted \write18 enabled.
 file:line:error style messages enabled.
 %&-line parsing enabled.
**/Users/abrahammurillo/The-Empire-Strikes-Back/ICPC/Repository/TheBook.tex
(/Users/abrahammurillo/The-Empire-Strikes-Back/ICPC/Repository/TheBook.tex
LaTeX2e <2020-10-01> patch level 4
L3 programming layer <2021-02-18> (/usr/local/texlive/2021/texmf-dist/tex/latex/base/article.cls
Document Class: article 2020/04/10 v1.4m Standard LaTeX document class
(/usr/local/texlive/2021/texmf-dist/tex/latex/base/size10.clo
File: size10.clo 2020/04/10 v1.4m Standard LaTeX file (size option)
)
\c@part=\count179
\c@section=\count180
\c@subsection=\count181
\c@subsubsection=\count182
\c@paragraph=\count183
\c@subparagraph=\count184
\c@figure=\count185
\c@table=\count186
\abovecaptionskip=\skip47
\belowcaptionskip=\skip48
\bibindent=\dimen138
) (/usr/local/texlive/2021/texmf-dist/tex/latex/pdfpages/pdfpages.sty
Package: pdfpages 2021/03/06 v0.5t Insert pages of external PDF documents (AM)
 (/usr/local/texlive/2021/texmf-dist/tex/latex/base/ifthen.sty
Package: ifthen 2014/09/29 v1.1c Standard LaTeX ifthen package (DPC)
) (/usr/local/texlive/2021/texmf-dist/tex/latex/tools/calc.sty
Package: calc 2017/05/25 v4.3 Infix arithmetic (KKT,FJ)
\calc@Acount=\count187
\calc@Bcount=\count188
\calc@Adimen=\dimen139
\calc@Bdimen=\dimen140
\calc@Askip=\skip49
\calc@Bskip=\skip50
LaTeX Info: Redefining \setlength on input line 80.
LaTeX Info: Redefining \addtolength on input line 81.
\calc@Ccount=\count189
\calc@Cskip=\skip51
) (/usr/local/texlive/2021/texmf-dist/tex/latex/eso-pic/eso-pic.sty
Package: eso-pic 2020/10/14 v3.0a eso-pic (RN)
\ESO@tempdima=\dimen141
\ESO@tempdimb=\dimen142
 (/usr/local/texlive/2021/texmf-dist/tex/latex/graphics/keyval.sty
Package: keyval 2014/10/28 v1.15 key=value parser (DPC)
\KV@toks@=\toks15
) (/usr/local/texlive/2021/texmf-dist/tex/latex/xcolor/xcolor.sty
Package: xcolor 2016/05/11 v2.12 LaTeX color extensions (UK)
 (/usr/local/texlive/2021/texmf-dist/tex/latex/graphics-cfg/color.cfg
File: color.cfg 2016/01/02 v1.6 sample color configuration
)
Package xcolor Info: Driver file: pdftex.def on input line 225.
 (/usr/local/texlive/2021/texmf-dist/tex/latex/graphics-def/pdftex.def
File: pdftex.def 2020/10/05 v1.2a Graphics/color driver for pdftex
)
Package xcolor Info: Model `cmy' substituted by `cmy0' on input line 1348.
Package xcolor Info: Model `hsb' substituted by `rgb' on input line 1352.
Package xcolor Info: Model `RGB' extended on input line 1364.
Package xcolor Info: Model `HTML' substituted by `rgb' on input line 1366.
Package xcolor Info: Model `Hsb' substituted by `hsb' on input line 1367.
Package xcolor Info: Model `tHsb' substituted by `hsb' on input line 1368.
Package xcolor Info: Model `HSB' substituted by `hsb' on input line 1369.
Package xcolor Info: Model `Gray' substituted by `gray' on input line 1370.
Package xcolor Info: Model `wave' substituted by `hsb' on input line 1371.
)) (/usr/local/texlive/2021/texmf-dist/tex/latex/graphics/graphicx.sty
Package: graphicx 2020/09/09 v1.2b Enhanced LaTeX Graphics (DPC,SPQR)
 (/usr/local/texlive/2021/texmf-dist/tex/latex/graphics/graphics.sty
Package: graphics 2020/08/30 v1.4c Standard LaTeX Graphics (DPC,SPQR)
 (/usr/local/texlive/2021/texmf-dist/tex/latex/graphics/trig.sty
Package: trig 2016/01/03 v1.10 sin cos tan (DPC)
) (/usr/local/texlive/2021/texmf-dist/tex/latex/graphics-cfg/graphics.cfg
File: graphics.cfg 2016/06/04 v1.11 sample graphics configuration
)
Package graphics Info: Driver file: pdftex.def on input line 105.
)
\Gin@req@height=\dimen143
\Gin@req@width=\dimen144
)
\AM@pagewidth=\dimen145
\AM@pageheight=\dimen146
\AM@fboxrule=\dimen147
 (/usr/local/texlive/2021/texmf-dist/tex/latex/pdfpages/pppdftex.def
File: pppdftex.def 2021/03/06 v0.5t Pdfpages driver for pdfTeX (AM)
)
\pdfpages@includegraphics@status=\count190
\AM@pagebox=\box47
\AM@global@opts=\toks16
\AM@pagecnt=\count191
\AM@toc@title=\toks17
\c@AM@survey=\count192
\AM@templatesizebox=\box48
) (/usr/local/texlive/2021/texmf-dist/tex/latex/wrapfig/wrapfig.sty
\wrapoverhang=\dimen148
\WF@size=\dimen149
\c@WF@wrappedlines=\count193
\WF@box=\box49
\WF@everypar=\toks18
Package: wrapfig 2003/01/31  v 3.6
) (/usr/local/texlive/2021/texmf-dist/tex/latex/geometry/geometry.sty
Package: geometry 2020/01/02 v5.9 Page Geometry
 (/usr/local/texlive/2021/texmf-dist/tex/generic/iftex/ifvtex.sty
Package: ifvtex 2019/10/25 v1.7 ifvtex legacy package. Use iftex instead.
 (/usr/local/texlive/2021/texmf-dist/tex/generic/iftex/iftex.sty
Package: iftex 2020/03/06 v1.0d TeX engine tests
))
\Gm@cnth=\count194
\Gm@cntv=\count195
\c@Gm@tempcnt=\count196
\Gm@bindingoffset=\dimen150
\Gm@wd@mp=\dimen151
\Gm@odd@mp=\dimen152
\Gm@even@mp=\dimen153
\Gm@layoutwidth=\dimen154
\Gm@layoutheight=\dimen155
\Gm@layouthoffset=\dimen156
\Gm@layoutvoffset=\dimen157
\Gm@dimlist=\toks19
) (/usr/local/texlive/2021/texmf-dist/tex/latex/l3backend/l3backend-pdftex.def
File: l3backend-pdftex.def 2021-03-18 L3 backend support: PDF output (pdfTeX)
\l__color_backend_stack_int=\count197
\l__pdf_internal_box=\box50
) (/Users/abrahammurillo/The-Empire-Strikes-Back/ICPC/Repository/TheBook.aux)
\openout1 = `TheBook.aux'.

LaTeX Font Info:    Checking defaults for OML/cmm/m/it on input line 15.
LaTeX Font Info:    ... okay on input line 15.
LaTeX Font Info:    Checking defaults for OMS/cmsy/m/n on input line 15.
LaTeX Font Info:    ... okay on input line 15.
LaTeX Font Info:    Checking defaults for OT1/cmr/m/n on input line 15.
LaTeX Font Info:    ... okay on input line 15.
LaTeX Font Info:    Checking defaults for T1/cmr/m/n on input line 15.
LaTeX Font Info:    ... okay on input line 15.
LaTeX Font Info:    Checking defaults for TS1/cmr/m/n on input line 15.
LaTeX Font Info:    ... okay on input line 15.
LaTeX Font Info:    Checking defaults for OMX/cmex/m/n on input line 15.
LaTeX Font Info:    ... okay on input line 15.
LaTeX Font Info:    Checking defaults for U/cmr/m/n on input line 15.
LaTeX Font Info:    ... okay on input line 15.
 (/usr/local/texlive/2021/texmf-dist/tex/context/base/mkii/supp-pdf.mkii
[Loading MPS to PDF converter (version 2006.09.02).]
\scratchcounter=\count198
\scratchdimen=\dimen158
\scratchbox=\box51
\nofMPsegments=\count199
\nofMParguments=\count266
\everyMPshowfont=\toks20
\MPscratchCnt=\count267
\MPscratchDim=\dimen159
\MPnumerator=\count268
\makeMPintoPDFobject=\count269
\everyMPtoPDFconversion=\toks21
) (/usr/local/texlive/2021/texmf-dist/tex/latex/epstopdf-pkg/epstopdf-base.sty
Package: epstopdf-base 2020-01-24 v2.11 Base part for package epstopdf
Package epstopdf-base Info: Redefining graphics rule for `.eps' on input line 485.
 (/usr/local/texlive/2021/texmf-dist/tex/latex/latexconfig/epstopdf-sys.cfg
File: epstopdf-sys.cfg 2010/07/13 v1.3 Configuration of (r)epstopdf for TeX Live
)) (/usr/local/texlive/2021/texmf-dist/tex/latex/pdflscape/pdflscape.sty
Package: pdflscape 2019/12/05 v0.12 Display of landscape pages in PDF (HO)
 (/usr/local/texlive/2021/texmf-dist/tex/latex/graphics/lscape.sty
Package: lscape 2020/05/28 v3.02 Landscape Pages (DPC)
)
Package pdflscape Info: Auto-detected driver: pdftex on input line 81.
)
*geometry* driver: auto-detecting
*geometry* detected driver: pdftex
*geometry* verbose mode - [ preamble ] result:
* driver: pdftex
* paper: a4paper
* layout: <same size as paper>
* layoutoffset:(h,v)=(0.0pt,0.0pt)
* modes: 
* h-part:(L,W,R)=(28.45274pt, 540.60239pt, 28.45274pt)
* v-part:(T,H,B)=(85.35826pt, 717.00946pt, 42.67912pt)
* \paperwidth=597.50787pt
* \paperheight=845.04684pt
* \textwidth=540.60239pt
* \textheight=717.00946pt
* \oddsidemargin=-43.81725pt
* \evensidemargin=-43.81725pt
* \topmargin=-23.91173pt
* \headheight=12.0pt
* \headsep=25.0pt
* \topskip=10.0pt
* \footskip=30.0pt
* \marginparwidth=65.0pt
* \marginparsep=11.0pt
* \columnsep=10.0pt
* \skip\footins=9.0pt plus 4.0pt minus 2.0pt
* \hoffset=0.0pt
* \voffset=0.0pt
* \mag=1000
* \@twocolumnfalse
* \@twosidefalse
* \@mparswitchfalse
* \@reversemarginfalse
* (1in=72.27pt=25.4mm, 1cm=28.453pt)

<TeamPage.pdf, id=1, 614.295pt x 794.97pt>
File: TeamPage.pdf Graphic file (type pdf)
<use TeamPage.pdf>
Package pdftex.def Info: TeamPage.pdf  used on input line 17.
(pdftex.def)             Requested size: 614.29349pt x 794.96806pt.
File: TeamPage.pdf Graphic file (type pdf)
<use TeamPage.pdf>
Package pdftex.def Info: TeamPage.pdf  used on input line 17.
(pdftex.def)             Requested size: 614.29349pt x 794.96806pt.
<TeamPage.pdf, id=4, page=1, 614.295pt x 794.97pt>
File: TeamPage.pdf Graphic file (type pdf)
<use TeamPage.pdf, page 1>
Package pdftex.def Info: TeamPage.pdf , page1 used on input line 17.
(pdftex.def)             Requested size: 614.29349pt x 794.96806pt.
File: TeamPage.pdf Graphic file (type pdf)
<use TeamPage.pdf, page 1>
Package pdftex.def Info: TeamPage.pdf , page1 used on input line 17.
(pdftex.def)             Requested size: 597.78697pt x 773.60669pt.
File: TeamPage.pdf Graphic file (type pdf)
<use TeamPage.pdf, page 1>
Package pdftex.def Info: TeamPage.pdf , page1 used on input line 17.
(pdftex.def)             Requested size: 597.78697pt x 773.60669pt.
File: TeamPage.pdf Graphic file (type pdf)
<use TeamPage.pdf, page 1>
Package pdftex.def Info: TeamPage.pdf , page1 used on input line 17.
(pdftex.def)             Requested size: 597.78697pt x 773.60669pt.
File: TeamPage.pdf Graphic file (type pdf)
<use TeamPage.pdf, page 1>
Package pdftex.def Info: TeamPage.pdf , page1 used on input line 17.
(pdftex.def)             Requested size: 597.78697pt x 773.60669pt.
[1

 </Users/abrahammurillo/The-Empire-Strikes-Back/ICPC/Repository/TeamPage.pdf{/usr/local/texlive/2021/texmf-var/fonts/map/pdftex/updmap/pdftex.map}>]
<Chapters.pdf, id=24, 597.50829pt x 845.0471pt>
File: Chapters.pdf Graphic file (type pdf)
<use Chapters.pdf>
Package pdftex.def Info: Chapters.pdf  used on input line 20.
(pdftex.def)             Requested size: 597.50682pt x 845.04504pt.
File: Chapters.pdf Graphic file (type pdf)
<use Chapters.pdf>
Package pdftex.def Info: Chapters.pdf  used on input line 20.
(pdftex.def)             Requested size: 597.50682pt x 845.04504pt.
<Chapters.pdf, id=27, page=1, 597.50829pt x 845.0471pt>
File: Chapters.pdf Graphic file (type pdf)
<use Chapters.pdf, page 1>
Package pdftex.def Info: Chapters.pdf , page1 used on input line 20.
(pdftex.def)             Requested size: 597.50682pt x 845.04504pt.
File: Chapters.pdf Graphic file (type pdf)
<use Chapters.pdf, page 1>
Package pdftex.def Info: Chapters.pdf , page1 used on input line 20.
(pdftex.def)             Requested size: 597.53416pt x 845.08372pt.
File: Chapters.pdf Graphic file (type pdf)
<use Chapters.pdf, page 1>
Package pdftex.def Info: Chapters.pdf , page1 used on input line 20.
(pdftex.def)             Requested size: 597.53416pt x 845.08372pt.
File: Chapters.pdf Graphic file (type pdf)
<use Chapters.pdf, page 1>
Package pdftex.def Info: Chapters.pdf , page1 used on input line 20.
(pdftex.def)             Requested size: 597.53416pt x 845.08372pt.
File: Chapters.pdf Graphic file (type pdf)
<use Chapters.pdf, page 1>
Package pdftex.def Info: Chapters.pdf , page1 used on input line 20.
(pdftex.def)             Requested size: 597.53416pt x 845.08372pt.
 [1 </Users/abrahammurillo/The-Empire-Strikes-Back/ICPC/Repository/Chapters.pdf>]
<Chapters.pdf, id=77, page=2, 597.50829pt x 845.0471pt>
File: Chapters.pdf Graphic file (type pdf)
<use Chapters.pdf, page 2>
Package pdftex.def Info: Chapters.pdf , page2 used on input line 20.
(pdftex.def)             Requested size: 597.53416pt x 845.08372pt.
File: Chapters.pdf Graphic file (type pdf)
<use Chapters.pdf, page 2>
Package pdftex.def Info: Chapters.pdf , page2 used on input line 20.
(pdftex.def)             Requested size: 597.53416pt x 845.08372pt.
File: Chapters.pdf Graphic file (type pdf)
<use Chapters.pdf, page 2>
Package pdftex.def Info: Chapters.pdf , page2 used on input line 20.
(pdftex.def)             Requested size: 597.53416pt x 845.08372pt.
 [2 </Users/abrahammurillo/The-Empire-Strikes-Back/ICPC/Repository/Chapters.pdf>]
<Chapters.pdf, id=101, page=3, 597.50829pt x 845.0471pt>
File: Chapters.pdf Graphic file (type pdf)
<use Chapters.pdf, page 3>
Package pdftex.def Info: Chapters.pdf , page3 used on input line 20.
(pdftex.def)             Requested size: 597.53416pt x 845.08372pt.
File: Chapters.pdf Graphic file (type pdf)
<use Chapters.pdf, page 3>
Package pdftex.def Info: Chapters.pdf , page3 used on input line 20.
(pdftex.def)             Requested size: 597.53416pt x 845.08372pt.
File: Chapters.pdf Graphic file (type pdf)
<use Chapters.pdf, page 3>
Package pdftex.def Info: Chapters.pdf , page3 used on input line 20.
(pdftex.def)             Requested size: 597.53416pt x 845.08372pt.
 [3 </Users/abrahammurillo/The-Empire-Strikes-Back/ICPC/Repository/Chapters.pdf>]
<Chapters.pdf, id=113, page=4, 597.50829pt x 845.0471pt>
File: Chapters.pdf Graphic file (type pdf)
<use Chapters.pdf, page 4>
Package pdftex.def Info: Chapters.pdf , page4 used on input line 20.
(pdftex.def)             Requested size: 597.53416pt x 845.08372pt.
File: Chapters.pdf Graphic file (type pdf)
<use Chapters.pdf, page 4>
Package pdftex.def Info: Chapters.pdf , page4 used on input line 20.
(pdftex.def)             Requested size: 597.53416pt x 845.08372pt.
File: Chapters.pdf Graphic file (type pdf)
<use Chapters.pdf, page 4>
Package pdftex.def Info: Chapters.pdf , page4 used on input line 20.
(pdftex.def)             Requested size: 597.53416pt x 845.08372pt.
 [4 </Users/abrahammurillo/The-Empire-Strikes-Back/ICPC/Repository/Chapters.pdf>]
<Chapters.pdf, id=133, page=5, 597.50829pt x 845.0471pt>
File: Chapters.pdf Graphic file (type pdf)
<use Chapters.pdf, page 5>
Package pdftex.def Info: Chapters.pdf , page5 used on input line 20.
(pdftex.def)             Requested size: 597.53416pt x 845.08372pt.
File: Chapters.pdf Graphic file (type pdf)
<use Chapters.pdf, page 5>
Package pdftex.def Info: Chapters.pdf , page5 used on input line 20.
(pdftex.def)             Requested size: 597.53416pt x 845.08372pt.
File: Chapters.pdf Graphic file (type pdf)
<use Chapters.pdf, page 5>
Package pdftex.def Info: Chapters.pdf , page5 used on input line 20.
(pdftex.def)             Requested size: 597.53416pt x 845.08372pt.
 [5 </Users/abrahammurillo/The-Empire-Strikes-Back/ICPC/Repository/Chapters.pdf>]
<Chapters.pdf, id=137, page=6, 597.50829pt x 845.0471pt>
File: Chapters.pdf Graphic file (type pdf)
<use Chapters.pdf, page 6>
Package pdftex.def Info: Chapters.pdf , page6 used on input line 20.
(pdftex.def)             Requested size: 597.53416pt x 845.08372pt.
File: Chapters.pdf Graphic file (type pdf)
<use Chapters.pdf, page 6>
Package pdftex.def Info: Chapters.pdf , page6 used on input line 20.
(pdftex.def)             Requested size: 597.53416pt x 845.08372pt.
File: Chapters.pdf Graphic file (type pdf)
<use Chapters.pdf, page 6>
Package pdftex.def Info: Chapters.pdf , page6 used on input line 20.
(pdftex.def)             Requested size: 597.53416pt x 845.08372pt.
 [6 </Users/abrahammurillo/The-Empire-Strikes-Back/ICPC/Repository/Chapters.pdf>]
<Chapters.pdf, id=142, page=7, 597.50829pt x 845.0471pt>
File: Chapters.pdf Graphic file (type pdf)
<use Chapters.pdf, page 7>
Package pdftex.def Info: Chapters.pdf , page7 used on input line 20.
(pdftex.def)             Requested size: 597.53416pt x 845.08372pt.
File: Chapters.pdf Graphic file (type pdf)
<use Chapters.pdf, page 7>
Package pdftex.def Info: Chapters.pdf , page7 used on input line 20.
(pdftex.def)             Requested size: 597.53416pt x 845.08372pt.
File: Chapters.pdf Graphic file (type pdf)
<use Chapters.pdf, page 7>
Package pdftex.def Info: Chapters.pdf , page7 used on input line 20.
(pdftex.def)             Requested size: 597.53416pt x 845.08372pt.
 [7 </Users/abrahammurillo/The-Empire-Strikes-Back/ICPC/Repository/Chapters.pdf>]
<Chapters.pdf, id=146, page=8, 597.50829pt x 845.0471pt>
File: Chapters.pdf Graphic file (type pdf)
<use Chapters.pdf, page 8>
Package pdftex.def Info: Chapters.pdf , page8 used on input line 20.
(pdftex.def)             Requested size: 597.53416pt x 845.08372pt.
File: Chapters.pdf Graphic file (type pdf)
<use Chapters.pdf, page 8>
Package pdftex.def Info: Chapters.pdf , page8 used on input line 20.
(pdftex.def)             Requested size: 597.53416pt x 845.08372pt.
File: Chapters.pdf Graphic file (type pdf)
<use Chapters.pdf, page 8>
Package pdftex.def Info: Chapters.pdf , page8 used on input line 20.
(pdftex.def)             Requested size: 597.53416pt x 845.08372pt.
 [8 </Users/abrahammurillo/The-Empire-Strikes-Back/ICPC/Repository/Chapters.pdf>]
<Chapters.pdf, id=153, page=9, 597.50829pt x 845.0471pt>
File: Chapters.pdf Graphic file (type pdf)
<use Chapters.pdf, page 9>
Package pdftex.def Info: Chapters.pdf , page9 used on input line 20.
(pdftex.def)             Requested size: 597.53416pt x 845.08372pt.
File: Chapters.pdf Graphic file (type pdf)
<use Chapters.pdf, page 9>
Package pdftex.def Info: Chapters.pdf , page9 used on input line 20.
(pdftex.def)             Requested size: 597.53416pt x 845.08372pt.
File: Chapters.pdf Graphic file (type pdf)
<use Chapters.pdf, page 9>
Package pdftex.def Info: Chapters.pdf , page9 used on input line 20.
(pdftex.def)             Requested size: 597.53416pt x 845.08372pt.
 [9 </Users/abrahammurillo/The-Empire-Strikes-Back/ICPC/Repository/Chapters.pdf>]
<Chapters.pdf, id=157, page=10, 597.50829pt x 845.0471pt>
File: Chapters.pdf Graphic file (type pdf)
<use Chapters.pdf, page 10>
Package pdftex.def Info: Chapters.pdf , page10 used on input line 20.
(pdftex.def)             Requested size: 597.53416pt x 845.08372pt.
File: Chapters.pdf Graphic file (type pdf)
<use Chapters.pdf, page 10>
Package pdftex.def Info: Chapters.pdf , page10 used on input line 20.
(pdftex.def)             Requested size: 597.53416pt x 845.08372pt.
File: Chapters.pdf Graphic file (type pdf)
<use Chapters.pdf, page 10>
Package pdftex.def Info: Chapters.pdf , page10 used on input line 20.
(pdftex.def)             Requested size: 597.53416pt x 845.08372pt.
 [10 </Users/abrahammurillo/The-Empire-Strikes-Back/ICPC/Repository/Chapters.pdf>]
<Chapters.pdf, id=161, page=11, 597.50829pt x 845.0471pt>
File: Chapters.pdf Graphic file (type pdf)
<use Chapters.pdf, page 11>
Package pdftex.def Info: Chapters.pdf , page11 used on input line 20.
(pdftex.def)             Requested size: 597.53416pt x 845.08372pt.
File: Chapters.pdf Graphic file (type pdf)
<use Chapters.pdf, page 11>
Package pdftex.def Info: Chapters.pdf , page11 used on input line 20.
(pdftex.def)             Requested size: 597.53416pt x 845.08372pt.
File: Chapters.pdf Graphic file (type pdf)
<use Chapters.pdf, page 11>
Package pdftex.def Info: Chapters.pdf , page11 used on input line 20.
(pdftex.def)             Requested size: 597.53416pt x 845.08372pt.
 [11 </Users/abrahammurillo/The-Empire-Strikes-Back/ICPC/Repository/Chapters.pdf>]
<Chapters.pdf, id=170, page=12, 597.50829pt x 845.0471pt>
File: Chapters.pdf Graphic file (type pdf)
<use Chapters.pdf, page 12>
Package pdftex.def Info: Chapters.pdf , page12 used on input line 20.
(pdftex.def)             Requested size: 597.53416pt x 845.08372pt.
File: Chapters.pdf Graphic file (type pdf)
<use Chapters.pdf, page 12>
Package pdftex.def Info: Chapters.pdf , page12 used on input line 20.
(pdftex.def)             Requested size: 597.53416pt x 845.08372pt.
File: Chapters.pdf Graphic file (type pdf)
<use Chapters.pdf, page 12>
Package pdftex.def Info: Chapters.pdf , page12 used on input line 20.
(pdftex.def)             Requested size: 597.53416pt x 845.08372pt.
 [12 </Users/abrahammurillo/The-Empire-Strikes-Back/ICPC/Repository/Chapters.pdf>]
<Chapters.pdf, id=175, page=13, 597.50829pt x 845.0471pt>
File: Chapters.pdf Graphic file (type pdf)
<use Chapters.pdf, page 13>
Package pdftex.def Info: Chapters.pdf , page13 used on input line 20.
(pdftex.def)             Requested size: 597.53416pt x 845.08372pt.
File: Chapters.pdf Graphic file (type pdf)
<use Chapters.pdf, page 13>
Package pdftex.def Info: Chapters.pdf , page13 used on input line 20.
(pdftex.def)             Requested size: 597.53416pt x 845.08372pt.
File: Chapters.pdf Graphic file (type pdf)
<use Chapters.pdf, page 13>
Package pdftex.def Info: Chapters.pdf , page13 used on input line 20.
(pdftex.def)             Requested size: 597.53416pt x 845.08372pt.
 [13 </Users/abrahammurillo/The-Empire-Strikes-Back/ICPC/Repository/Chapters.pdf>]
<Chapters.pdf, id=205, page=14, 597.50829pt x 845.0471pt>
File: Chapters.pdf Graphic file (type pdf)
<use Chapters.pdf, page 14>
Package pdftex.def Info: Chapters.pdf , page14 used on input line 20.
(pdftex.def)             Requested size: 597.53416pt x 845.08372pt.
File: Chapters.pdf Graphic file (type pdf)
<use Chapters.pdf, page 14>
Package pdftex.def Info: Chapters.pdf , page14 used on input line 20.
(pdftex.def)             Requested size: 597.53416pt x 845.08372pt.
File: Chapters.pdf Graphic file (type pdf)
<use Chapters.pdf, page 14>
Package pdftex.def Info: Chapters.pdf , page14 used on input line 20.
(pdftex.def)             Requested size: 597.53416pt x 845.08372pt.
 [14 </Users/abrahammurillo/The-Empire-Strikes-Back/ICPC/Repository/Chapters.pdf>]
<Chapters.pdf, id=219, page=15, 597.50829pt x 845.0471pt>
File: Chapters.pdf Graphic file (type pdf)
<use Chapters.pdf, page 15>
Package pdftex.def Info: Chapters.pdf , page15 used on input line 20.
(pdftex.def)             Requested size: 597.53416pt x 845.08372pt.
File: Chapters.pdf Graphic file (type pdf)
<use Chapters.pdf, page 15>
Package pdftex.def Info: Chapters.pdf , page15 used on input line 20.
(pdftex.def)             Requested size: 597.53416pt x 845.08372pt.
File: Chapters.pdf Graphic file (type pdf)
<use Chapters.pdf, page 15>
Package pdftex.def Info: Chapters.pdf , page15 used on input line 20.
(pdftex.def)             Requested size: 597.53416pt x 845.08372pt.
 [15 </Users/abrahammurillo/The-Empire-Strikes-Back/ICPC/Repository/Chapters.pdf>]
<Chapters.pdf, id=223, page=16, 597.50829pt x 845.0471pt>
File: Chapters.pdf Graphic file (type pdf)
<use Chapters.pdf, page 16>
Package pdftex.def Info: Chapters.pdf , page16 used on input line 20.
(pdftex.def)             Requested size: 597.53416pt x 845.08372pt.
File: Chapters.pdf Graphic file (type pdf)
<use Chapters.pdf, page 16>
Package pdftex.def Info: Chapters.pdf , page16 used on input line 20.
(pdftex.def)             Requested size: 597.53416pt x 845.08372pt.
File: Chapters.pdf Graphic file (type pdf)
<use Chapters.pdf, page 16>
Package pdftex.def Info: Chapters.pdf , page16 used on input line 20.
(pdftex.def)             Requested size: 597.53416pt x 845.08372pt.
 [16 </Users/abrahammurillo/The-Empire-Strikes-Back/ICPC/Repository/Chapters.pdf>]
<Chapters.pdf, id=227, page=17, 597.50829pt x 845.0471pt>
File: Chapters.pdf Graphic file (type pdf)
<use Chapters.pdf, page 17>
Package pdftex.def Info: Chapters.pdf , page17 used on input line 20.
(pdftex.def)             Requested size: 597.53416pt x 845.08372pt.
File: Chapters.pdf Graphic file (type pdf)
<use Chapters.pdf, page 17>
Package pdftex.def Info: Chapters.pdf , page17 used on input line 20.
(pdftex.def)             Requested size: 597.53416pt x 845.08372pt.
File: Chapters.pdf Graphic file (type pdf)
<use Chapters.pdf, page 17>
Package pdftex.def Info: Chapters.pdf , page17 used on input line 20.
(pdftex.def)             Requested size: 597.53416pt x 845.08372pt.
 [17 </Users/abrahammurillo/The-Empire-Strikes-Back/ICPC/Repository/Chapters.pdf>]
<Chapters.pdf, id=231, page=18, 597.50829pt x 845.0471pt>
File: Chapters.pdf Graphic file (type pdf)
<use Chapters.pdf, page 18>
Package pdftex.def Info: Chapters.pdf , page18 used on input line 20.
(pdftex.def)             Requested size: 597.53416pt x 845.08372pt.
File: Chapters.pdf Graphic file (type pdf)
<use Chapters.pdf, page 18>
Package pdftex.def Info: Chapters.pdf , page18 used on input line 20.
(pdftex.def)             Requested size: 597.53416pt x 845.08372pt.
File: Chapters.pdf Graphic file (type pdf)
<use Chapters.pdf, page 18>
Package pdftex.def Info: Chapters.pdf , page18 used on input line 20.
(pdftex.def)             Requested size: 597.53416pt x 845.08372pt.
 [18 </Users/abrahammurillo/The-Empire-Strikes-Back/ICPC/Repository/Chapters.pdf>]
<Chapters.pdf, id=246, page=19, 597.50829pt x 845.0471pt>
File: Chapters.pdf Graphic file (type pdf)
<use Chapters.pdf, page 19>
Package pdftex.def Info: Chapters.pdf , page19 used on input line 20.
(pdftex.def)             Requested size: 597.53416pt x 845.08372pt.
File: Chapters.pdf Graphic file (type pdf)
<use Chapters.pdf, page 19>
Package pdftex.def Info: Chapters.pdf , page19 used on input line 20.
(pdftex.def)             Requested size: 597.53416pt x 845.08372pt.
File: Chapters.pdf Graphic file (type pdf)
<use Chapters.pdf, page 19>
Package pdftex.def Info: Chapters.pdf , page19 used on input line 20.
(pdftex.def)             Requested size: 597.53416pt x 845.08372pt.
 [19 </Users/abrahammurillo/The-Empire-Strikes-Back/ICPC/Repository/Chapters.pdf>]
<Chapters.pdf, id=250, page=20, 597.50829pt x 845.0471pt>
File: Chapters.pdf Graphic file (type pdf)
<use Chapters.pdf, page 20>
Package pdftex.def Info: Chapters.pdf , page20 used on input line 20.
(pdftex.def)             Requested size: 597.53416pt x 845.08372pt.
File: Chapters.pdf Graphic file (type pdf)
<use Chapters.pdf, page 20>
Package pdftex.def Info: Chapters.pdf , page20 used on input line 20.
(pdftex.def)             Requested size: 597.53416pt x 845.08372pt.
File: Chapters.pdf Graphic file (type pdf)
<use Chapters.pdf, page 20>
Package pdftex.def Info: Chapters.pdf , page20 used on input line 20.
(pdftex.def)             Requested size: 597.53416pt x 845.08372pt.
 [20 </Users/abrahammurillo/The-Empire-Strikes-Back/ICPC/Repository/Chapters.pdf>]
<Chapters.pdf, id=254, page=21, 597.50829pt x 845.0471pt>
File: Chapters.pdf Graphic file (type pdf)
<use Chapters.pdf, page 21>
Package pdftex.def Info: Chapters.pdf , page21 used on input line 20.
(pdftex.def)             Requested size: 597.53416pt x 845.08372pt.
File: Chapters.pdf Graphic file (type pdf)
<use Chapters.pdf, page 21>
Package pdftex.def Info: Chapters.pdf , page21 used on input line 20.
(pdftex.def)             Requested size: 597.53416pt x 845.08372pt.
File: Chapters.pdf Graphic file (type pdf)
<use Chapters.pdf, page 21>
Package pdftex.def Info: Chapters.pdf , page21 used on input line 20.
(pdftex.def)             Requested size: 597.53416pt x 845.08372pt.
 [21 </Users/abrahammurillo/The-Empire-Strikes-Back/ICPC/Repository/Chapters.pdf>]
<Chapters.pdf, id=258, page=22, 597.50829pt x 845.0471pt>
File: Chapters.pdf Graphic file (type pdf)
<use Chapters.pdf, page 22>
Package pdftex.def Info: Chapters.pdf , page22 used on input line 20.
(pdftex.def)             Requested size: 597.53416pt x 845.08372pt.
File: Chapters.pdf Graphic file (type pdf)
<use Chapters.pdf, page 22>
Package pdftex.def Info: Chapters.pdf , page22 used on input line 20.
(pdftex.def)             Requested size: 597.53416pt x 845.08372pt.
File: Chapters.pdf Graphic file (type pdf)
<use Chapters.pdf, page 22>
Package pdftex.def Info: Chapters.pdf , page22 used on input line 20.
(pdftex.def)             Requested size: 597.53416pt x 845.08372pt.
 [22 </Users/abrahammurillo/The-Empire-Strikes-Back/ICPC/Repository/Chapters.pdf>]
<fullTeam.JPG, id=262, 741.77126pt x 430.60875pt>
File: fullTeam.JPG Graphic file (type jpg)
<use fullTeam.JPG>
Package pdftex.def Info: fullTeam.JPG  used on input line 23.
(pdftex.def)             Requested size: 483.69684pt x 280.79909pt.
 [23 </Users/abrahammurillo/The-Empire-Strikes-Back/ICPC/Repository/fullTeam.JPG>] (/Users/abrahammurillo/The-Empire-Strikes-Back/ICPC/Repository/TheBook.aux) ) 
Here is how much of TeX's memory you used:
 3111 strings out of 478994
 47235 string characters out of 5858184
 344601 words of memory out of 5000000
 20590 multiletter control sequences out of 15000+600000
 403729 words of font info for 28 fonts, out of 8000000 for 9000
 1141 hyphenation exceptions out of 8191
 83i,17n,88p,332b,419s stack positions out of 5000i,500n,10000p,200000b,80000s
</usr/local/texlive/2021/texmf-dist/fonts/type1/public/inconsolata/Inconsolata-zi4b.pfb></usr/local/texlive/2021/texmf-dist/fonts/type1/public/inconsolata/Inconsolata-zi4r.pfb></usr/local/texlive/2021/texmf-dist/fonts/type1/public/amsfonts/cm/cmex10.pfb></usr/local/texlive/2021/texmf-dist/fonts/type1/public/amsfonts/cmextra/cmex9.pfb></usr/local/texlive/2021/texmf-dist/fonts/type1/public/amsfonts/cm/cmmi10.pfb></usr/local/texlive/2021/texmf-dist/fonts/type1/public/amsfonts/cm/cmmi12.pfb></usr/local/texlive/2021/texmf-dist/fonts/type1/public/amsfonts/cm/cmmi5.pfb></usr/local/texlive/2021/texmf-dist/fonts/type1/public/amsfonts/cm/cmmi6.pfb></usr/local/texlive/2021/texmf-dist/fonts/type1/public/amsfonts/cm/cmmi7.pfb></usr/local/texlive/2021/texmf-dist/fonts/type1/public/amsfonts/cm/cmmi8.pfb></usr/local/texlive/2021/texmf-dist/fonts/type1/public/amsfonts/cm/cmmi9.pfb></usr/local/texlive/2021/texmf-dist/fonts/type1/public/amsfonts/cm/cmr10.pfb></usr/local/texlive/2021/texmf-dist/fonts/type1/public/amsfonts/cm/cmr12.pfb></usr/local/texlive/2021/texmf-dist/fonts/type1/public/amsfonts/cm/cmr17.pfb></usr/local/texlive/2021/texmf-dist/fonts/type1/public/amsfonts/cm/cmr5.pfb></usr/local/texlive/2021/texmf-dist/fonts/type1/public/amsfonts/cm/cmr6.pfb></usr/local/texlive/2021/texmf-dist/fonts/type1/public/amsfonts/cm/cmr7.pfb></usr/local/texlive/2021/texmf-dist/fonts/type1/public/amsfonts/cm/cmr8.pfb></usr/local/texlive/2021/texmf-dist/fonts/type1/public/amsfonts/cm/cmr9.pfb></usr/local/texlive/2021/texmf-dist/fonts/type1/public/amsfonts/cm/cmsy10.pfb></usr/local/texlive/2021/texmf-dist/fonts/type1/public/amsfonts/cm/cmsy6.pfb></usr/local/texlive/2021/texmf-dist/fonts/type1/public/amsfonts/cm/cmsy9.pfb></usr/local/texlive/2021/texmf-dist/fonts/type1/public/cm-super/sfbx0900.pfb></usr/local/texlive/2021/texmf-dist/fonts/type1/public/cm-super/sfbx1000.pfb></usr/local/texlive/2021/texmf-dist/fonts/type1/public/cm-super/sfbx1200.pfb></usr/local/texlive/2021/texmf-dist/fonts/type1/public/cm-super/sfbx1440.pfb></usr/local/texlive/2021/texmf-dist/fonts/type1/public/cm-super/sfrm0900.pfb></usr/local/texlive/2021/texmf-dist/fonts/type1/public/cm-super/sfrm1000.pfb></usr/local/texlive/2021/texmf-dist/fonts/type1/public/cm-super/sfti0900.pfb>
Output written on /Users/abrahammurillo/The-Empire-Strikes-Back/ICPC/Repository/TheBook.pdf (24 pages, 868650 bytes).
PDF statistics:
 303 PDF objects out of 1000 (max. 8388607)
 212 compressed objects within 3 object streams
 0 named destinations out of 1000 (max. 500000)
 151 words of extra memory for PDF output out of 10000 (max. 10000000)

